<?xml version="1.0" encoding="UTF-8"?>
<testsuite xmlns:xsi="http://www.w3.org/2001/XMLSchema-instance" xsi:noNamespaceSchemaLocation="https://maven.apache.org/surefire/maven-surefire-plugin/xsd/surefire-test-report-3.0.xsd" version="3.0" name="com.reqres.runner.CucumberTestRunner" time="3.066" tests="29" errors="25" skipped="0" failures="0">
  <properties>
[...]
</properties>
  <testcase name="TC-CU-001 - Create user with valid name and job" classname="Create User - POST /api/users" time="0.261">
    <error type="java.lang.ExceptionInInitializerError"><![CDATA[java.lang.ExceptionInInitializerError
	at com.reqres.client.BaseApiClient.withValidApiKey(BaseApiClient.java:18)
	at com.reqres.stepdefs.CommonSteps.iHaveAValidApiKey(CommonSteps.java:29)
	at ✽.I have a valid API key(classpath:features/create_user.feature:12)
Caused by: java.lang.IllegalStateException: REQRES_API_KEY environment variable is not set. Get a free key at app.reqres.in/api-keys and export it before running tests.
	at com.reqres.config.ApiConfig.resolveApiKey(ApiConfig.java:16)
	at com.reqres.config.ApiConfig.<clinit>(ApiConfig.java:7)
	at com.reqres.client.BaseApiClient.withValidApiKey(BaseApiClient.java:18)
	at com.reqres.stepdefs.CommonSteps.iHaveAValidApiKey(CommonSteps.java:29)
	at java.base/java.lang.reflect.Method.invoke(Method.java:565)
	at io.cucumber.java.Invoker.doInvoke(Invoker.java:66)
	at io.cucumber.java.Invoker.invoke(Invoker.java:24)
	at io.cucumber.java.AbstractGlueDefinition.invokeMethod(AbstractGlueDefinition.java:47)
	at io.cucumber.java.JavaStepDefinition.execute(JavaStepDefinition.java:29)
	at io.cucumber.core.runner.CoreStepDefinition.execute(CoreStepDefinition.java:66)
	at io.cucumber.core.runner.PickleStepDefinitionMatch.runStep(PickleStepDefinitionMatch.java:63)
	at io.cucumber.core.runner.ExecutionMode$1.execute(ExecutionMode.java:10)
	at io.cucumber.core.runner.TestStep.executeStep(TestStep.java:81)
	at io.cucumber.core.runner.TestStep.run(TestStep.java:53)
	at io.cucumber.core.runner.PickleStepTestStep.run(PickleStepTestStep.java:51)
	at io.cucumber.core.runner.TestCase.run(TestCase.java:84)
	at io.cucumber.core.runner.Runner.runPickle(Runner.java:75)
	at io.cucumber.junit.platform.engine.CucumberEngineExecutionContext.lambda$runTestCase$4(CucumberEngineExecutionContext.java:112)
	at io.cucumber.core.runtime.CucumberExecutionContext.lambda$runTestCase$5(CucumberExecutionContext.java:136)
	at io.cucumber.core.runtime.RethrowingThrowableCollector.executeAndThrow(RethrowingThrowableCollector.java:23)
	at io.cucumber.core.runtime.CucumberExecutionContext.runTestCase(CucumberExecutionContext.java:136)
	at io.cucumber.junit.platform.engine.CucumberEngineExecutionContext.runTestCase(CucumberEngineExecutionContext.java:109)
	at io.cucumber.junit.platform.engine.NodeDescriptor$PickleDescriptor.execute(NodeDescriptor.java:168)
	at io.cucumber.junit.platform.engine.NodeDescriptor$PickleDescriptor.execute(NodeDescriptor.java:90)
	at java.base/java.util.ArrayList.forEach(ArrayList.java:1604)
	at java.base/java.util.ArrayList.forEach(ArrayList.java:1604)
]]></error>
    <system-out><![CDATA[
@create-user @positive @TC-CU-001
Scenario: TC-CU-001 - Create user with valid name and job                        &amp#27;[90m# features/create_user.feature:11&amp#27;[0m
  &amp#27;[32mGiven &amp#27;[0m&amp#27;[32mthe ReqRes API base URL is configured&amp#27;[0m                                    &amp#27;[90m# com.reqres.stepdefs.CommonSteps.theReqResApiBaseUrlIsConfigured()&amp#27;[0m
  &amp#27;[31mGiven &amp#27;[0m&amp#27;[31mI have a valid API key&amp#27;[0m                                                   &amp#27;[90m# com.reqres.stepdefs.CommonSteps.iHaveAValidApiKey()&amp#27;[0m
      &amp#27;[31mjava.lang.ExceptionInInitializerError
	at com.reqres.client.BaseApiClient.withValidApiKey(BaseApiClient.java:18)
	at com.reqres.stepdefs.CommonSteps.iHaveAValidApiKey(CommonSteps.java:29)
	at ✽.I have a valid API key(classpath:features/create_user.feature:12)
Caused by: java.lang.IllegalStateException: REQRES_API_KEY environment variable is not set. Get a free key at app.reqres.in/api-keys and export it before running tests.
	at com.reqres.config.ApiConfig.resolveApiKey(ApiConfig.java:16)
	at com.reqres.config.ApiConfig.<clinit>(ApiConfig.java:7)
	at com.reqres.client.BaseApiClient.withValidApiKey(BaseApiClient.java:18)
	at com.reqres.stepdefs.CommonSteps.iHaveAValidApiKey(CommonSteps.java:29)
	at java.base/jdk.internal.reflect.DirectMethodHandleAccessor.invoke(DirectMethodHandleAccessor.java:104)
	at java.base/java.lang.reflect.Method.invoke(Method.java:565)
	at io.cucumber.java.Invoker.doInvoke(Invoker.java:66)
	at io.cucumber.java.Invoker.invoke(Invoker.java:24)
	at io.cucumber.java.AbstractGlueDefinition.invokeMethod(AbstractGlueDefinition.java:47)
	at io.cucumber.java.JavaStepDefinition.execute(JavaStepDefinition.java:29)
	at io.cucumber.core.runner.CoreStepDefinition.execute(CoreStepDefinition.java:66)
	at io.cucumber.core.runner.PickleStepDefinitionMatch.runStep(PickleStepDefinitionMatch.java:63)
	at io.cucumber.core.runner.ExecutionMode$1.execute(ExecutionMode.java:10)
	at io.cucumber.core.runner.TestStep.executeStep(TestStep.java:81)
	at io.cucumber.core.runner.TestStep.run(TestStep.java:53)
	at io.cucumber.core.runner.PickleStepTestStep.run(PickleStepTestStep.java:51)
	at io.cucumber.core.runner.TestCase.run(TestCase.java:84)
	at io.cucumber.core.runner.Runner.runPickle(Runner.java:75)
	at io.cucumber.junit.platform.engine.CucumberEngineExecutionContext.lambda$runTestCase$4(CucumberEngineExecutionContext.java:112)
	at io.cucumber.core.runtime.CucumberExecutionContext.lambda$runTestCase$5(CucumberExecutionContext.java:136)
	at io.cucumber.core.runtime.RethrowingThrowableCollector.executeAndThrow(RethrowingThrowableCollector.java:23)
	at io.cucumber.core.runtime.CucumberExecutionContext.runTestCase(CucumberExecutionContext.java:136)
	at io.cucumber.junit.platform.engine.CucumberEngineExecutionContext.runTestCase(CucumberEngineExecutionContext.java:109)
	at io.cucumber.junit.platform.engine.NodeDescriptor$PickleDescriptor.execute(NodeDescriptor.java:168)
	at io.cucumber.junit.platform.engine.NodeDescriptor$PickleDescriptor.execute(NodeDescriptor.java:90)
	at org.junit.platform.engine.support.hierarchical.NodeTestTask.lambda$executeRecursively$6(NodeTestTask.java:151)
	at org.junit.platform.engine.support.hierarchical.ThrowableCollector.execute(ThrowableCollector.java:73)
	at org.junit.platform.engine.support.hierarchical.NodeTestTask.lambda$executeRecursively$8(NodeTestTask.java:141)
	at org.junit.platform.engine.support.hierarchical.Node.around(Node.java:137)
	at org.junit.platform.engine.support.hierarchical.NodeTestTask.lambda$executeRecursively$9(NodeTestTask.java:139)
	at org.junit.platform.engine.support.hierarchical.ThrowableCollector.execute(ThrowableCollector.java:73)
	at org.junit.platform.engine.support.hierarchical.NodeTestTask.executeRecursively(NodeTestTask.java:138)
	at org.junit.platform.engine.support.hierarchical.NodeTestTask.execute(NodeTestTask.java:95)
	at java.base/java.util.ArrayList.forEach(ArrayList.java:1604)
	at org.junit.platform.engine.support.hierarchical.SameThreadHierarchicalTestExecutorService.invokeAll(SameThreadHierarchicalTestExecutorService.java:41)
	at org.junit.platform.engine.support.hierarchical.NodeTestTask.lambda$executeRecursively$6(NodeTestTask.java:155)
	at org.junit.platform.engine.support.hierarchical.ThrowableCollector.execute(ThrowableCollector.java:73)
	at org.junit.platform.engine.support.hierarchical.NodeTestTask.lambda$executeRecursively$8(NodeTestTask.java:141)
	at org.junit.platform.engine.support.hierarchical.Node.around(Node.java:137)
	at org.junit.platform.engine.support.hierarchical.NodeTestTask.lambda$executeRecursively$9(NodeTestTask.java:139)
	at org.junit.platform.engine.support.hierarchical.ThrowableCollector.execute(ThrowableCollector.java:73)
	at org.junit.platform.engine.support.hierarchical.NodeTestTask.executeRecursively(NodeTestTask.java:138)
	at org.junit.platform.engine.support.hierarchical.NodeTestTask.execute(NodeTestTask.java:95)
	at java.base/java.util.ArrayList.forEach(ArrayList.java:1604)
	at org.junit.platform.engine.support.hierarchical.SameThreadHierarchicalTestExecutorService.invokeAll(SameThreadHierarchicalTestExecutorService.java:41)
	at org.junit.platform.engine.support.hierarchical.NodeTestTask.lambda$executeRecursively$6(NodeTestTask.java:155)
	at org.junit.platform.engine.support.hierarchical.ThrowableCollector.execute(ThrowableCollector.java:73)
	at org.junit.platform.engine.support.hierarchical.NodeTestTask.lambda$executeRecursively$8(NodeTestTask.java:141)
	at org.junit.platform.engine.support.hierarchical.Node.around(Node.java:137)
	at org.junit.platform.engine.support.hierarchical.NodeTestTask.lambda$executeRecursively$9(NodeTestTask.java:139)
	at org.junit.platform.engine.support.hierarchical.ThrowableCollector.execute(ThrowableCollector.java:73)
	at org.junit.platform.engine.support.hierarchical.NodeTestTask.executeRecursively(NodeTestTask.java:138)
	at org.junit.platform.engine.support.hierarchical.NodeTestTask.execute(NodeTestTask.java:95)
	at org.junit.platform.engine.support.hierarchical.SameThreadHierarchicalTestExecutorService.submit(SameThreadHierarchicalTestExecutorService.java:35)
	at org.junit.platform.engine.support.hierarchical.HierarchicalTestExecutor.execute(HierarchicalTestExecutor.java:57)
	at org.junit.platform.engine.support.hierarchical.HierarchicalTestEngine.execute(HierarchicalTestEngine.java:54)
	at org.junit.platform.launcher.core.EngineExecutionOrchestrator.execute(EngineExecutionOrchestrator.java:198)
	at org.junit.platform.launcher.core.EngineExecutionOrchestrator.execute(EngineExecutionOrchestrator.java:169)
	at org.junit.platform.launcher.core.EngineExecutionOrchestrator.execute(EngineExecutionOrchestrator.java:93)
	at org.junit.platform.launcher.core.EngineExecutionOrchestrator.execute(EngineExecutionOrchestrator.java:76)
	at org.junit.platform.suite.engine.SuiteLauncher.execute(SuiteLauncher.java:63)
	at org.junit.platform.suite.engine.SuiteTestDescriptor.execute(SuiteTestDescriptor.java:128)
	at org.junit.platform.suite.engine.SuiteTestEngine.lambda$execute$0(SuiteTestEngine.java:73)
	at java.base/java.util.stream.ForEachOps$ForEachOp$OfRef.accept(ForEachOps.java:186)
	at java.base/java.util.stream.ReferencePipeline$3$1.accept(ReferencePipeline.java:214)
	at java.base/java.util.Iterator.forEachRemaining(Iterator.java:133)
	at java.base/java.util.Spliterators$IteratorSpliterator.forEachRemaining(Spliterators.java:1939)
	at java.base/java.util.stream.AbstractPipeline.copyInto(AbstractPipeline.java:570)
	at java.base/java.util.stream.AbstractPipeline.wrapAndCopyInto(AbstractPipeline.java:560)
	at java.base/java.util.stream.ForEachOps$ForEachOp.evaluateSequential(ForEachOps.java:153)
	at java.base/java.util.stream.ForEachOps$ForEachOp$OfRef.evaluateSequential(ForEachOps.java:176)
	at java.base/java.util.stream.AbstractPipeline.evaluate(AbstractPipeline.java:265)
	at java.base/java.util.stream.ReferencePipeline.forEach(ReferencePipeline.java:632)
	at org.junit.platform.suite.engine.SuiteTestEngine.execute(SuiteTestEngine.java:73)
	at org.junit.platform.launcher.core.EngineExecutionOrchestrator.execute(EngineExecutionOrchestrator.java:198)
	at org.junit.platform.launcher.core.EngineExecutionOrchestrator.execute(EngineExecutionOrchestrator.java:169)
	at org.junit.platform.launcher.core.EngineExecutionOrchestrator.execute(EngineExecutionOrchestrator.java:93)
	at org.junit.platform.launcher.core.EngineExecutionOrchestrator.lambda$execute$0(EngineExecutionOrchestrator.java:58)
	at org.junit.platform.launcher.core.EngineExecutionOrchestrator.withInterceptedStreams(EngineExecutionOrchestrator.java:141)
	at org.junit.platform.launcher.core.EngineExecutionOrchestrator.execute(EngineExecutionOrchestrator.java:57)
	at org.junit.platform.launcher.core.DefaultLauncher.execute(DefaultLauncher.java:103)
	at org.junit.platform.launcher.core.DefaultLauncher.execute(DefaultLauncher.java:85)
	at org.junit.platform.launcher.core.DelegatingLauncher.execute(DelegatingLauncher.java:47)
	at org.apache.maven.surefire.junitplatform.LazyLauncher.execute(LazyLauncher.java:56)
	at org.apache.maven.surefire.junitplatform.JUnitPlatformProvider.execute(JUnitPlatformProvider.java:184)
	at org.apache.maven.surefire.junitplatform.JUnitPlatformProvider.invokeAllTests(JUnitPlatformProvider.java:148)
	at org.apache.maven.surefire.junitplatform.JUnitPlatformProvider.invoke(JUnitPlatformProvider.java:122)
	at org.apache.maven.surefire.booter.ForkedBooter.runSuitesInProcess(ForkedBooter.java:385)
	at org.apache.maven.surefire.booter.ForkedBooter.execute(ForkedBooter.java:162)
	at org.apache.maven.surefire.booter.ForkedBooter.run(ForkedBooter.java:507)
	at org.apache.maven.surefire.booter.ForkedBooter.main(ForkedBooter.java:495)
&amp#27;[0m
  &amp#27;[36mWhen &amp#27;[0m&amp#27;[36mI send a POST request to &amp#27;[0m&amp#27;[36m&amp#27;[1m"/users"&amp#27;[0m&amp#27;[36m with body:&amp#27;[0m                              &amp#27;[90m# com.reqres.stepdefs.CreateUserSteps.iSendAPostRequestWithBody(java.lang.String,java.lang.String)&amp#27;[0m
  &amp#27;[36mThen &amp#27;[0m&amp#27;[36mthe response status code should be &amp#27;[0m&amp#27;[36m&amp#27;[1m201&amp#27;[0m                                    &amp#27;[90m# com.reqres.stepdefs.CommonSteps.theResponseStatusCodeShouldBe(int)&amp#27;[0m
  &amp#27;[36mAnd &amp#27;[0m&amp#27;[36mthe response body field &amp#27;[0m&amp#27;[36m&amp#27;[1m"name"&amp#27;[0m&amp#27;[36m should equal &amp#27;[0m&amp#27;[36m&amp#27;[1m"morpheus"&amp#27;[0m                     &amp#27;[90m# com.reqres.stepdefs.CommonSteps.theResponseBodyFieldShouldEqualString(java.lang.String,java.lang.String)&amp#27;[0m
  &amp#27;[36mAnd &amp#27;[0m&amp#27;[36mthe response body field &amp#27;[0m&amp#27;[36m&amp#27;[1m"job"&amp#27;[0m&amp#27;[36m should equal &amp#27;[0m&amp#27;[36m&amp#27;[1m"leader"&amp#27;[0m                        &amp#27;[90m# com.reqres.stepdefs.CommonSteps.theResponseBodyFieldShouldEqualString(java.lang.String,java.lang.String)&amp#27;[0m
  &amp#27;[36mAnd &amp#27;[0m&amp#27;[36mthe response body should have a non-empty string field &amp#27;[0m&amp#27;[36m&amp#27;[1m"id"&amp#27;[0m                &amp#27;[90m# com.reqres.stepdefs.CommonSteps.theResponseBodyShouldHaveNonEmptyStringField(java.lang.String)&amp#27;[0m
  &amp#27;[36mAnd &amp#27;[0m&amp#27;[36mthe response body should have a valid ISO 8601 timestamp field &amp#27;[0m&amp#27;[36m&amp#27;[1m"createdAt"&amp#27;[0m &amp#27;[90m# com.reqres.stepdefs.CreateUserSteps.theResponseBodyShouldHaveValidIso8601TimestampField(java.lang.String)&amp#27;[0m
]]></system-out>
  </testcase>
  <testcase name="TC-CU-002 - Create user with name only (no job field)" classname="Create User - POST /api/users" time="0.008">
    <error message="Could not initialize class com.reqres.config.ApiConfig" type="java.lang.NoClassDefFoundError"><![CDATA[java.lang.NoClassDefFoundError: Could not initialize class com.reqres.config.ApiConfig
	at com.reqres.client.BaseApiClient.withValidApiKey(BaseApiClient.java:18)
	at com.reqres.stepdefs.CommonSteps.iHaveAValidApiKey(CommonSteps.java:29)
	at ✽.I have a valid API key(classpath:features/create_user.feature:25)
Caused by: java.lang.ExceptionInInitializerError: Exception java.lang.IllegalStateException: REQRES_API_KEY environment variable is not set. Get a free key at app.reqres.in/api-keys and export it before running tests. [in thread "main"]
	at com.reqres.config.ApiConfig.resolveApiKey(ApiConfig.java:16)
	at com.reqres.config.ApiConfig.<clinit>(ApiConfig.java:7)
	at com.reqres.client.BaseApiClient.withValidApiKey(BaseApiClient.java:18)
	at com.reqres.stepdefs.CommonSteps.iHaveAValidApiKey(CommonSteps.java:29)
	at java.base/java.lang.reflect.Method.invoke(Method.java:565)
	at io.cucumber.java.Invoker.doInvoke(Invoker.java:66)
	at io.cucumber.java.Invoker.invoke(Invoker.java:24)
	at io.cucumber.java.AbstractGlueDefinition.invokeMethod(AbstractGlueDefinition.java:47)
	at io.cucumber.java.JavaStepDefinition.execute(JavaStepDefinition.java:29)
	at io.cucumber.core.runner.CoreStepDefinition.execute(CoreStepDefinition.java:66)
	at io.cucumber.core.runner.PickleStepDefinitionMatch.runStep(PickleStepDefinitionMatch.java:63)
	at io.cucumber.core.runner.ExecutionMode$1.execute(ExecutionMode.java:10)
	at io.cucumber.core.runner.TestStep.executeStep(TestStep.java:81)
	at io.cucumber.core.runner.TestStep.run(TestStep.java:53)
	at io.cucumber.core.runner.PickleStepTestStep.run(PickleStepTestStep.java:51)
	at io.cucumber.core.runner.TestCase.run(TestCase.java:84)
	at io.cucumber.core.runner.Runner.runPickle(Runner.java:75)
	at io.cucumber.junit.platform.engine.CucumberEngineExecutionContext.lambda$runTestCase$4(CucumberEngineExecutionContext.java:112)
	at io.cucumber.core.runtime.CucumberExecutionContext.lambda$runTestCase$5(CucumberExecutionContext.java:136)
	at io.cucumber.core.runtime.RethrowingThrowableCollector.executeAndThrow(RethrowingThrowableCollector.java:23)
	at io.cucumber.core.runtime.CucumberExecutionContext.runTestCase(CucumberExecutionContext.java:136)
	at io.cucumber.junit.platform.engine.CucumberEngineExecutionContext.runTestCase(CucumberEngineExecutionContext.java:109)
	at io.cucumber.junit.platform.engine.NodeDescriptor$PickleDescriptor.execute(NodeDescriptor.java:168)
	at io.cucumber.junit.platform.engine.NodeDescriptor$PickleDescriptor.execute(NodeDescriptor.java:90)
	at java.base/java.util.ArrayList.forEach(ArrayList.java:1604)
	at java.base/java.util.ArrayList.forEach(ArrayList.java:1604)
]]></error>
    <system-out><![CDATA[
@create-user @positive @TC-CU-002
Scenario: TC-CU-002 - Create user with name only (no job field)                  &amp#27;[90m# features/create_user.feature:24&amp#27;[0m
  &amp#27;[32mGiven &amp#27;[0m&amp#27;[32mthe ReqRes API base URL is configured&amp#27;[0m                                    &amp#27;[90m# com.reqres.stepdefs.CommonSteps.theReqResApiBaseUrlIsConfigured()&amp#27;[0m
  &amp#27;[31mGiven &amp#27;[0m&amp#27;[31mI have a valid API key&amp#27;[0m                                                   &amp#27;[90m# com.reqres.stepdefs.CommonSteps.iHaveAValidApiKey()&amp#27;[0m
      &amp#27;[31mjava.lang.NoClassDefFoundError: Could not initialize class com.reqres.config.ApiConfig
	at com.reqres.client.BaseApiClient.withValidApiKey(BaseApiClient.java:18)
	at com.reqres.stepdefs.CommonSteps.iHaveAValidApiKey(CommonSteps.java:29)
	at ✽.I have a valid API key(classpath:features/create_user.feature:25)
Caused by: java.lang.ExceptionInInitializerError: Exception java.lang.IllegalStateException: REQRES_API_KEY environment variable is not set. Get a free key at app.reqres.in/api-keys and export it before running tests. [in thread "main"]
	at com.reqres.config.ApiConfig.resolveApiKey(ApiConfig.java:16)
	at com.reqres.config.ApiConfig.<clinit>(ApiConfig.java:7)
	at com.reqres.client.BaseApiClient.withValidApiKey(BaseApiClient.java:18)
	at com.reqres.stepdefs.CommonSteps.iHaveAValidApiKey(CommonSteps.java:29)
	at java.base/jdk.internal.reflect.DirectMethodHandleAccessor.invoke(DirectMethodHandleAccessor.java:104)
	at java.base/java.lang.reflect.Method.invoke(Method.java:565)
	at io.cucumber.java.Invoker.doInvoke(Invoker.java:66)
	at io.cucumber.java.Invoker.invoke(Invoker.java:24)
	at io.cucumber.java.AbstractGlueDefinition.invokeMethod(AbstractGlueDefinition.java:47)
	at io.cucumber.java.JavaStepDefinition.execute(JavaStepDefinition.java:29)
	at io.cucumber.core.runner.CoreStepDefinition.execute(CoreStepDefinition.java:66)
	at io.cucumber.core.runner.PickleStepDefinitionMatch.runStep(PickleStepDefinitionMatch.java:63)
	at io.cucumber.core.runner.ExecutionMode$1.execute(ExecutionMode.java:10)
	at io.cucumber.core.runner.TestStep.executeStep(TestStep.java:81)
	at io.cucumber.core.runner.TestStep.run(TestStep.java:53)
	at io.cucumber.core.runner.PickleStepTestStep.run(PickleStepTestStep.java:51)
	at io.cucumber.core.runner.TestCase.run(TestCase.java:84)
	at io.cucumber.core.runner.Runner.runPickle(Runner.java:75)
	at io.cucumber.junit.platform.engine.CucumberEngineExecutionContext.lambda$runTestCase$4(CucumberEngineExecutionContext.java:112)
	at io.cucumber.core.runtime.CucumberExecutionContext.lambda$runTestCase$5(CucumberExecutionContext.java:136)
	at io.cucumber.core.runtime.RethrowingThrowableCollector.executeAndThrow(RethrowingThrowableCollector.java:23)
	at io.cucumber.core.runtime.CucumberExecutionContext.runTestCase(CucumberExecutionContext.java:136)
	at io.cucumber.junit.platform.engine.CucumberEngineExecutionContext.runTestCase(CucumberEngineExecutionContext.java:109)
	at io.cucumber.junit.platform.engine.NodeDescriptor$PickleDescriptor.execute(NodeDescriptor.java:168)
	at io.cucumber.junit.platform.engine.NodeDescriptor$PickleDescriptor.execute(NodeDescriptor.java:90)
	at org.junit.platform.engine.support.hierarchical.NodeTestTask.lambda$executeRecursively$6(NodeTestTask.java:151)
	at org.junit.platform.engine.support.hierarchical.ThrowableCollector.execute(ThrowableCollector.java:73)
	at org.junit.platform.engine.support.hierarchical.NodeTestTask.lambda$executeRecursively$8(NodeTestTask.java:141)
	at org.junit.platform.engine.support.hierarchical.Node.around(Node.java:137)
	at org.junit.platform.engine.support.hierarchical.NodeTestTask.lambda$executeRecursively$9(NodeTestTask.java:139)
	at org.junit.platform.engine.support.hierarchical.ThrowableCollector.execute(ThrowableCollector.java:73)
	at org.junit.platform.engine.support.hierarchical.NodeTestTask.executeRecursively(NodeTestTask.java:138)
	at org.junit.platform.engine.support.hierarchical.NodeTestTask.execute(NodeTestTask.java:95)
	at java.base/java.util.ArrayList.forEach(ArrayList.java:1604)
	at org.junit.platform.engine.support.hierarchical.SameThreadHierarchicalTestExecutorService.invokeAll(SameThreadHierarchicalTestExecutorService.java:41)
	at org.junit.platform.engine.support.hierarchical.NodeTestTask.lambda$executeRecursively$6(NodeTestTask.java:155)
	at org.junit.platform.engine.support.hierarchical.ThrowableCollector.execute(ThrowableCollector.java:73)
	at org.junit.platform.engine.support.hierarchical.NodeTestTask.lambda$executeRecursively$8(NodeTestTask.java:141)
	at org.junit.platform.engine.support.hierarchical.Node.around(Node.java:137)
	at org.junit.platform.engine.support.hierarchical.NodeTestTask.lambda$executeRecursively$9(NodeTestTask.java:139)
	at org.junit.platform.engine.support.hierarchical.ThrowableCollector.execute(ThrowableCollector.java:73)
	at org.junit.platform.engine.support.hierarchical.NodeTestTask.executeRecursively(NodeTestTask.java:138)
	at org.junit.platform.engine.support.hierarchical.NodeTestTask.execute(NodeTestTask.java:95)
	at java.base/java.util.ArrayList.forEach(ArrayList.java:1604)
	at org.junit.platform.engine.support.hierarchical.SameThreadHierarchicalTestExecutorService.invokeAll(SameThreadHierarchicalTestExecutorService.java:41)
	at org.junit.platform.engine.support.hierarchical.NodeTestTask.lambda$executeRecursively$6(NodeTestTask.java:155)
	at org.junit.platform.engine.support.hierarchical.ThrowableCollector.execute(ThrowableCollector.java:73)
	at org.junit.platform.engine.support.hierarchical.NodeTestTask.lambda$executeRecursively$8(NodeTestTask.java:141)
	at org.junit.platform.engine.support.hierarchical.Node.around(Node.java:137)
	at org.junit.platform.engine.support.hierarchical.NodeTestTask.lambda$executeRecursively$9(NodeTestTask.java:139)
	at org.junit.platform.engine.support.hierarchical.ThrowableCollector.execute(ThrowableCollector.java:73)
	at org.junit.platform.engine.support.hierarchical.NodeTestTask.executeRecursively(NodeTestTask.java:138)
	at org.junit.platform.engine.support.hierarchical.NodeTestTask.execute(NodeTestTask.java:95)
	at org.junit.platform.engine.support.hierarchical.SameThreadHierarchicalTestExecutorService.submit(SameThreadHierarchicalTestExecutorService.java:35)
	at org.junit.platform.engine.support.hierarchical.HierarchicalTestExecutor.execute(HierarchicalTestExecutor.java:57)
	at org.junit.platform.engine.support.hierarchical.HierarchicalTestEngine.execute(HierarchicalTestEngine.java:54)
	at org.junit.platform.launcher.core.EngineExecutionOrchestrator.execute(EngineExecutionOrchestrator.java:198)
	at org.junit.platform.launcher.core.EngineExecutionOrchestrator.execute(EngineExecutionOrchestrator.java:169)
	at org.junit.platform.launcher.core.EngineExecutionOrchestrator.execute(EngineExecutionOrchestrator.java:93)
	at org.junit.platform.launcher.core.EngineExecutionOrchestrator.execute(EngineExecutionOrchestrator.java:76)
	at org.junit.platform.suite.engine.SuiteLauncher.execute(SuiteLauncher.java:63)
	at org.junit.platform.suite.engine.SuiteTestDescriptor.execute(SuiteTestDescriptor.java:128)
	at org.junit.platform.suite.engine.SuiteTestEngine.lambda$execute$0(SuiteTestEngine.java:73)
	at java.base/java.util.stream.ForEachOps$ForEachOp$OfRef.accept(ForEachOps.java:186)
	at java.base/java.util.stream.ReferencePipeline$3$1.accept(ReferencePipeline.java:214)
	at java.base/java.util.Iterator.forEachRemaining(Iterator.java:133)
	at java.base/java.util.Spliterators$IteratorSpliterator.forEachRemaining(Spliterators.java:1939)
	at java.base/java.util.stream.AbstractPipeline.copyInto(AbstractPipeline.java:570)
	at java.base/java.util.stream.AbstractPipeline.wrapAndCopyInto(AbstractPipeline.java:560)
	at java.base/java.util.stream.ForEachOps$ForEachOp.evaluateSequential(ForEachOps.java:153)
	at java.base/java.util.stream.ForEachOps$ForEachOp$OfRef.evaluateSequential(ForEachOps.java:176)
	at java.base/java.util.stream.AbstractPipeline.evaluate(AbstractPipeline.java:265)
	at java.base/java.util.stream.ReferencePipeline.forEach(ReferencePipeline.java:632)
	at org.junit.platform.suite.engine.SuiteTestEngine.execute(SuiteTestEngine.java:73)
	at org.junit.platform.launcher.core.EngineExecutionOrchestrator.execute(EngineExecutionOrchestrator.java:198)
	at org.junit.platform.launcher.core.EngineExecutionOrchestrator.execute(EngineExecutionOrchestrator.java:169)
	at org.junit.platform.launcher.core.EngineExecutionOrchestrator.execute(EngineExecutionOrchestrator.java:93)
	at org.junit.platform.launcher.core.EngineExecutionOrchestrator.lambda$execute$0(EngineExecutionOrchestrator.java:58)
	at org.junit.platform.launcher.core.EngineExecutionOrchestrator.withInterceptedStreams(EngineExecutionOrchestrator.java:141)
	at org.junit.platform.launcher.core.EngineExecutionOrchestrator.execute(EngineExecutionOrchestrator.java:57)
	at org.junit.platform.launcher.core.DefaultLauncher.execute(DefaultLauncher.java:103)
	at org.junit.platform.launcher.core.DefaultLauncher.execute(DefaultLauncher.java:85)
	at org.junit.platform.launcher.core.DelegatingLauncher.execute(DelegatingLauncher.java:47)
	at org.apache.maven.surefire.junitplatform.LazyLauncher.execute(LazyLauncher.java:56)
	at org.apache.maven.surefire.junitplatform.JUnitPlatformProvider.execute(JUnitPlatformProvider.java:184)
	at org.apache.maven.surefire.junitplatform.JUnitPlatformProvider.invokeAllTests(JUnitPlatformProvider.java:148)
	at org.apache.maven.surefire.junitplatform.JUnitPlatformProvider.invoke(JUnitPlatformProvider.java:122)
	at org.apache.maven.surefire.booter.ForkedBooter.runSuitesInProcess(ForkedBooter.java:385)
	at org.apache.maven.surefire.booter.ForkedBooter.execute(ForkedBooter.java:162)
	at org.apache.maven.surefire.booter.ForkedBooter.run(ForkedBooter.java:507)
	at org.apache.maven.surefire.booter.ForkedBooter.main(ForkedBooter.java:495)
&amp#27;[0m
  &amp#27;[36mWhen &amp#27;[0m&amp#27;[36mI send a POST request to &amp#27;[0m&amp#27;[36m&amp#27;[1m"/users"&amp#27;[0m&amp#27;[36m with body:&amp#27;[0m                              &amp#27;[90m# com.reqres.stepdefs.CreateUserSteps.iSendAPostRequestWithBody(java.lang.String,java.lang.String)&amp#27;[0m
  &amp#27;[36mThen &amp#27;[0m&amp#27;[36mthe response status code should be &amp#27;[0m&amp#27;[36m&amp#27;[1m201&amp#27;[0m                                    &amp#27;[90m# com.reqres.stepdefs.CommonSteps.theResponseStatusCodeShouldBe(int)&amp#27;[0m
  &amp#27;[36mAnd &amp#27;[0m&amp#27;[36mthe response body field &amp#27;[0m&amp#27;[36m&amp#27;[1m"name"&amp#27;[0m&amp#27;[36m should equal &amp#27;[0m&amp#27;[36m&amp#27;[1m"trinity"&amp#27;[0m                      &amp#27;[90m# com.reqres.stepdefs.CommonSteps.theResponseBodyFieldShouldEqualString(java.lang.String,java.lang.String)&amp#27;[0m
  &amp#27;[36mAnd &amp#27;[0m&amp#27;[36mthe response body should not contain field &amp#27;[0m&amp#27;[36m&amp#27;[1m"job"&amp#27;[0m                           &amp#27;[90m# com.reqres.stepdefs.CommonSteps.theResponseBodyShouldNotContainField(java.lang.String)&amp#27;[0m
  &amp#27;[36mAnd &amp#27;[0m&amp#27;[36mthe response body should have a non-empty string field &amp#27;[0m&amp#27;[36m&amp#27;[1m"id"&amp#27;[0m                &amp#27;[90m# com.reqres.stepdefs.CommonSteps.theResponseBodyShouldHaveNonEmptyStringField(java.lang.String)&amp#27;[0m
  &amp#27;[36mAnd &amp#27;[0m&amp#27;[36mthe response body should have a valid ISO 8601 timestamp field &amp#27;[0m&amp#27;[36m&amp#27;[1m"createdAt"&amp#27;[0m &amp#27;[90m# com.reqres.stepdefs.CreateUserSteps.theResponseBodyShouldHaveValidIso8601TimestampField(java.lang.String)&amp#27;[0m
]]></system-out>
  </testcase>
  <testcase name="TC-CU-003 - Create user with job only (no name field)" classname="Create User - POST /api/users" time="0.005">
    <error message="Could not initialize class com.reqres.config.ApiConfig" type="java.lang.NoClassDefFoundError"><![CDATA[java.lang.NoClassDefFoundError: Could not initialize class com.reqres.config.ApiConfig
	at com.reqres.client.BaseApiClient.withValidApiKey(BaseApiClient.java:18)
	at com.reqres.stepdefs.CommonSteps.iHaveAValidApiKey(CommonSteps.java:29)
	at ✽.I have a valid API key(classpath:features/create_user.feature:38)
Caused by: java.lang.ExceptionInInitializerError: Exception java.lang.IllegalStateException: REQRES_API_KEY environment variable is not set. Get a free key at app.reqres.in/api-keys and export it before running tests. [in thread "main"]
	at com.reqres.config.ApiConfig.resolveApiKey(ApiConfig.java:16)
	at com.reqres.config.ApiConfig.<clinit>(ApiConfig.java:7)
	at com.reqres.client.BaseApiClient.withValidApiKey(BaseApiClient.java:18)
	at com.reqres.stepdefs.CommonSteps.iHaveAValidApiKey(CommonSteps.java:29)
	at java.base/java.lang.reflect.Method.invoke(Method.java:565)
	at io.cucumber.java.Invoker.doInvoke(Invoker.java:66)
	at io.cucumber.java.Invoker.invoke(Invoker.java:24)
	at io.cucumber.java.AbstractGlueDefinition.invokeMethod(AbstractGlueDefinition.java:47)
	at io.cucumber.java.JavaStepDefinition.execute(JavaStepDefinition.java:29)
	at io.cucumber.core.runner.CoreStepDefinition.execute(CoreStepDefinition.java:66)
	at io.cucumber.core.runner.PickleStepDefinitionMatch.runStep(PickleStepDefinitionMatch.java:63)
	at io.cucumber.core.runner.ExecutionMode$1.execute(ExecutionMode.java:10)
	at io.cucumber.core.runner.TestStep.executeStep(TestStep.java:81)
	at io.cucumber.core.runner.TestStep.run(TestStep.java:53)
	at io.cucumber.core.runner.PickleStepTestStep.run(PickleStepTestStep.java:51)
	at io.cucumber.core.runner.TestCase.run(TestCase.java:84)
	at io.cucumber.core.runner.Runner.runPickle(Runner.java:75)
	at io.cucumber.junit.platform.engine.CucumberEngineExecutionContext.lambda$runTestCase$4(CucumberEngineExecutionContext.java:112)
	at io.cucumber.core.runtime.CucumberExecutionContext.lambda$runTestCase$5(CucumberExecutionContext.java:136)
	at io.cucumber.core.runtime.RethrowingThrowableCollector.executeAndThrow(RethrowingThrowableCollector.java:23)
	at io.cucumber.core.runtime.CucumberExecutionContext.runTestCase(CucumberExecutionContext.java:136)
	at io.cucumber.junit.platform.engine.CucumberEngineExecutionContext.runTestCase(CucumberEngineExecutionContext.java:109)
	at io.cucumber.junit.platform.engine.NodeDescriptor$PickleDescriptor.execute(NodeDescriptor.java:168)
	at io.cucumber.junit.platform.engine.NodeDescriptor$PickleDescriptor.execute(NodeDescriptor.java:90)
	at java.base/java.util.ArrayList.forEach(ArrayList.java:1604)
	at java.base/java.util.ArrayList.forEach(ArrayList.java:1604)
]]></error>
    <system-out><![CDATA[
@create-user @positive @TC-CU-003
Scenario: TC-CU-003 - Create user with job only (no name field)                  &amp#27;[90m# features/create_user.feature:37&amp#27;[0m
  &amp#27;[32mGiven &amp#27;[0m&amp#27;[32mthe ReqRes API base URL is configured&amp#27;[0m                                    &amp#27;[90m# com.reqres.stepdefs.CommonSteps.theReqResApiBaseUrlIsConfigured()&amp#27;[0m
  &amp#27;[31mGiven &amp#27;[0m&amp#27;[31mI have a valid API key&amp#27;[0m                                                   &amp#27;[90m# com.reqres.stepdefs.CommonSteps.iHaveAValidApiKey()&amp#27;[0m
      &amp#27;[31mjava.lang.NoClassDefFoundError: Could not initialize class com.reqres.config.ApiConfig
	at com.reqres.client.BaseApiClient.withValidApiKey(BaseApiClient.java:18)
	at com.reqres.stepdefs.CommonSteps.iHaveAValidApiKey(CommonSteps.java:29)
	at ✽.I have a valid API key(classpath:features/create_user.feature:38)
Caused by: java.lang.ExceptionInInitializerError: Exception java.lang.IllegalStateException: REQRES_API_KEY environment variable is not set. Get a free key at app.reqres.in/api-keys and export it before running tests. [in thread "main"]
	at com.reqres.config.ApiConfig.resolveApiKey(ApiConfig.java:16)
	at com.reqres.config.ApiConfig.<clinit>(ApiConfig.java:7)
	at com.reqres.client.BaseApiClient.withValidApiKey(BaseApiClient.java:18)
	at com.reqres.stepdefs.CommonSteps.iHaveAValidApiKey(CommonSteps.java:29)
	at java.base/java.lang.reflect.Method.invoke(Method.java:565)
	at io.cucumber.java.Invoker.doInvoke(Invoker.java:66)
	at io.cucumber.java.Invoker.invoke(Invoker.java:24)
	at io.cucumber.java.AbstractGlueDefinition.invokeMethod(AbstractGlueDefinition.java:47)
	at io.cucumber.java.JavaStepDefinition.execute(JavaStepDefinition.java:29)
	at io.cucumber.core.runner.CoreStepDefinition.execute(CoreStepDefinition.java:66)
	at io.cucumber.core.runner.PickleStepDefinitionMatch.runStep(PickleStepDefinitionMatch.java:63)
	at io.cucumber.core.runner.ExecutionMode$1.execute(ExecutionMode.java:10)
	at io.cucumber.core.runner.TestStep.executeStep(TestStep.java:81)
	at io.cucumber.core.runner.TestStep.run(TestStep.java:53)
	at io.cucumber.core.runner.PickleStepTestStep.run(PickleStepTestStep.java:51)
	at io.cucumber.core.runner.TestCase.run(TestCase.java:84)
	at io.cucumber.core.runner.Runner.runPickle(Runner.java:75)
	at io.cucumber.junit.platform.engine.CucumberEngineExecutionContext.lambda$runTestCase$4(CucumberEngineExecutionContext.java:112)
	at io.cucumber.core.runtime.CucumberExecutionContext.lambda$runTestCase$5(CucumberExecutionContext.java:136)
	at io.cucumber.core.runtime.RethrowingThrowableCollector.executeAndThrow(RethrowingThrowableCollector.java:23)
	at io.cucumber.core.runtime.CucumberExecutionContext.runTestCase(CucumberExecutionContext.java:136)
	at io.cucumber.junit.platform.engine.CucumberEngineExecutionContext.runTestCase(CucumberEngineExecutionContext.java:109)
	at io.cucumber.junit.platform.engine.NodeDescriptor$PickleDescriptor.execute(NodeDescriptor.java:168)
	at io.cucumber.junit.platform.engine.NodeDescriptor$PickleDescriptor.execute(NodeDescriptor.java:90)
	at java.base/java.util.ArrayList.forEach(ArrayList.java:1604)
	at java.base/java.util.ArrayList.forEach(ArrayList.java:1604)
&amp#27;[0m
  &amp#27;[36mWhen &amp#27;[0m&amp#27;[36mI send a POST request to &amp#27;[0m&amp#27;[36m&amp#27;[1m"/users"&amp#27;[0m&amp#27;[36m with body:&amp#27;[0m                              &amp#27;[90m# com.reqres.stepdefs.CreateUserSteps.iSendAPostRequestWithBody(java.lang.String,java.lang.String)&amp#27;[0m
  &amp#27;[36mThen &amp#27;[0m&amp#27;[36mthe response status code should be &amp#27;[0m&amp#27;[36m&amp#27;[1m201&amp#27;[0m                                    &amp#27;[90m# com.reqres.stepdefs.CommonSteps.theResponseStatusCodeShouldBe(int)&amp#27;[0m
  &amp#27;[36mAnd &amp#27;[0m&amp#27;[36mthe response body field &amp#27;[0m&amp#27;[36m&amp#27;[1m"job"&amp#27;[0m&amp#27;[36m should equal &amp#27;[0m&amp#27;[36m&amp#27;[1m"zion resident"&amp#27;[0m                 &amp#27;[90m# com.reqres.stepdefs.CommonSteps.theResponseBodyFieldShouldEqualString(java.lang.String,java.lang.String)&amp#27;[0m
  &amp#27;[36mAnd &amp#27;[0m&amp#27;[36mthe response body should not contain field &amp#27;[0m&amp#27;[36m&amp#27;[1m"name"&amp#27;[0m                          &amp#27;[90m# com.reqres.stepdefs.CommonSteps.theResponseBodyShouldNotContainField(java.lang.String)&amp#27;[0m
  &amp#27;[36mAnd &amp#27;[0m&amp#27;[36mthe response body should have a non-empty string field &amp#27;[0m&amp#27;[36m&amp#27;[1m"id"&amp#27;[0m                &amp#27;[90m# com.reqres.stepdefs.CommonSteps.theResponseBodyShouldHaveNonEmptyStringField(java.lang.String)&amp#27;[0m
  &amp#27;[36mAnd &amp#27;[0m&amp#27;[36mthe response body should have a valid ISO 8601 timestamp field &amp#27;[0m&amp#27;[36m&amp#27;[1m"createdAt"&amp#27;[0m &amp#27;[90m# com.reqres.stepdefs.CreateUserSteps.theResponseBodyShouldHaveValidIso8601TimestampField(java.lang.String)&amp#27;[0m
]]></system-out>
  </testcase>
  <testcase name="TC-CU-004 - Create user with empty JSON body" classname="Create User - POST /api/users" time="0.004">
    <error message="Could not initialize class com.reqres.config.ApiConfig" type="java.lang.NoClassDefFoundError"><![CDATA[java.lang.NoClassDefFoundError: Could not initialize class com.reqres.config.ApiConfig
	at com.reqres.client.BaseApiClient.withValidApiKey(BaseApiClient.java:18)
	at com.reqres.stepdefs.CommonSteps.iHaveAValidApiKey(CommonSteps.java:29)
	at ✽.I have a valid API key(classpath:features/create_user.feature:51)
Caused by: java.lang.ExceptionInInitializerError: Exception java.lang.IllegalStateException: REQRES_API_KEY environment variable is not set. Get a free key at app.reqres.in/api-keys and export it before running tests. [in thread "main"]
	at com.reqres.config.ApiConfig.resolveApiKey(ApiConfig.java:16)
	at com.reqres.config.ApiConfig.<clinit>(ApiConfig.java:7)
	at com.reqres.client.BaseApiClient.withValidApiKey(BaseApiClient.java:18)
	at com.reqres.stepdefs.CommonSteps.iHaveAValidApiKey(CommonSteps.java:29)
	at java.base/java.lang.reflect.Method.invoke(Method.java:565)
	at io.cucumber.java.Invoker.doInvoke(Invoker.java:66)
	at io.cucumber.java.Invoker.invoke(Invoker.java:24)
	at io.cucumber.java.AbstractGlueDefinition.invokeMethod(AbstractGlueDefinition.java:47)
	at io.cucumber.java.JavaStepDefinition.execute(JavaStepDefinition.java:29)
	at io.cucumber.core.runner.CoreStepDefinition.execute(CoreStepDefinition.java:66)
	at io.cucumber.core.runner.PickleStepDefinitionMatch.runStep(PickleStepDefinitionMatch.java:63)
	at io.cucumber.core.runner.ExecutionMode$1.execute(ExecutionMode.java:10)
	at io.cucumber.core.runner.TestStep.executeStep(TestStep.java:81)
	at io.cucumber.core.runner.TestStep.run(TestStep.java:53)
	at io.cucumber.core.runner.PickleStepTestStep.run(PickleStepTestStep.java:51)
	at io.cucumber.core.runner.TestCase.run(TestCase.java:84)
	at io.cucumber.core.runner.Runner.runPickle(Runner.java:75)
	at io.cucumber.junit.platform.engine.CucumberEngineExecutionContext.lambda$runTestCase$4(CucumberEngineExecutionContext.java:112)
	at io.cucumber.core.runtime.CucumberExecutionContext.lambda$runTestCase$5(CucumberExecutionContext.java:136)
	at io.cucumber.core.runtime.RethrowingThrowableCollector.executeAndThrow(RethrowingThrowableCollector.java:23)
	at io.cucumber.core.runtime.CucumberExecutionContext.runTestCase(CucumberExecutionContext.java:136)
	at io.cucumber.junit.platform.engine.CucumberEngineExecutionContext.runTestCase(CucumberEngineExecutionContext.java:109)
	at io.cucumber.junit.platform.engine.NodeDescriptor$PickleDescriptor.execute(NodeDescriptor.java:168)
	at io.cucumber.junit.platform.engine.NodeDescriptor$PickleDescriptor.execute(NodeDescriptor.java:90)
	at java.base/java.util.ArrayList.forEach(ArrayList.java:1604)
	at java.base/java.util.ArrayList.forEach(ArrayList.java:1604)
]]></error>
    <system-out><![CDATA[
@create-user @edge-case @TC-CU-004
Scenario: TC-CU-004 - Create user with empty JSON body                           &amp#27;[90m# features/create_user.feature:50&amp#27;[0m
  &amp#27;[32mGiven &amp#27;[0m&amp#27;[32mthe ReqRes API base URL is configured&amp#27;[0m                                    &amp#27;[90m# com.reqres.stepdefs.CommonSteps.theReqResApiBaseUrlIsConfigured()&amp#27;[0m
  &amp#27;[31mGiven &amp#27;[0m&amp#27;[31mI have a valid API key&amp#27;[0m                                                   &amp#27;[90m# com.reqres.stepdefs.CommonSteps.iHaveAValidApiKey()&amp#27;[0m
      &amp#27;[31mjava.lang.NoClassDefFoundError: Could not initialize class com.reqres.config.ApiConfig
	at com.reqres.client.BaseApiClient.withValidApiKey(BaseApiClient.java:18)
	at com.reqres.stepdefs.CommonSteps.iHaveAValidApiKey(CommonSteps.java:29)
	at ✽.I have a valid API key(classpath:features/create_user.feature:51)
Caused by: java.lang.ExceptionInInitializerError: Exception java.lang.IllegalStateException: REQRES_API_KEY environment variable is not set. Get a free key at app.reqres.in/api-keys and export it before running tests. [in thread "main"]
	at com.reqres.config.ApiConfig.resolveApiKey(ApiConfig.java:16)
	at com.reqres.config.ApiConfig.<clinit>(ApiConfig.java:7)
	at com.reqres.client.BaseApiClient.withValidApiKey(BaseApiClient.java:18)
	at com.reqres.stepdefs.CommonSteps.iHaveAValidApiKey(CommonSteps.java:29)
	at java.base/java.lang.reflect.Method.invoke(Method.java:565)
	at io.cucumber.java.Invoker.doInvoke(Invoker.java:66)
	at io.cucumber.java.Invoker.invoke(Invoker.java:24)
	at io.cucumber.java.AbstractGlueDefinition.invokeMethod(AbstractGlueDefinition.java:47)
	at io.cucumber.java.JavaStepDefinition.execute(JavaStepDefinition.java:29)
	at io.cucumber.core.runner.CoreStepDefinition.execute(CoreStepDefinition.java:66)
	at io.cucumber.core.runner.PickleStepDefinitionMatch.runStep(PickleStepDefinitionMatch.java:63)
	at io.cucumber.core.runner.ExecutionMode$1.execute(ExecutionMode.java:10)
	at io.cucumber.core.runner.TestStep.executeStep(TestStep.java:81)
	at io.cucumber.core.runner.TestStep.run(TestStep.java:53)
	at io.cucumber.core.runner.PickleStepTestStep.run(PickleStepTestStep.java:51)
	at io.cucumber.core.runner.TestCase.run(TestCase.java:84)
	at io.cucumber.core.runner.Runner.runPickle(Runner.java:75)
	at io.cucumber.junit.platform.engine.CucumberEngineExecutionContext.lambda$runTestCase$4(CucumberEngineExecutionContext.java:112)
	at io.cucumber.core.runtime.CucumberExecutionContext.lambda$runTestCase$5(CucumberExecutionContext.java:136)
	at io.cucumber.core.runtime.RethrowingThrowableCollector.executeAndThrow(RethrowingThrowableCollector.java:23)
	at io.cucumber.core.runtime.CucumberExecutionContext.runTestCase(CucumberExecutionContext.java:136)
	at io.cucumber.junit.platform.engine.CucumberEngineExecutionContext.runTestCase(CucumberEngineExecutionContext.java:109)
	at io.cucumber.junit.platform.engine.NodeDescriptor$PickleDescriptor.execute(NodeDescriptor.java:168)
	at io.cucumber.junit.platform.engine.NodeDescriptor$PickleDescriptor.execute(NodeDescriptor.java:90)
	at java.base/java.util.ArrayList.forEach(ArrayList.java:1604)
	at java.base/java.util.ArrayList.forEach(ArrayList.java:1604)
&amp#27;[0m
  &amp#27;[36mWhen &amp#27;[0m&amp#27;[36mI send a POST request to &amp#27;[0m&amp#27;[36m&amp#27;[1m"/users"&amp#27;[0m&amp#27;[36m with body:&amp#27;[0m                              &amp#27;[90m# com.reqres.stepdefs.CreateUserSteps.iSendAPostRequestWithBody(java.lang.String,java.lang.String)&amp#27;[0m
  &amp#27;[36mThen &amp#27;[0m&amp#27;[36mthe response status code should be &amp#27;[0m&amp#27;[36m&amp#27;[1m201&amp#27;[0m                                    &amp#27;[90m# com.reqres.stepdefs.CommonSteps.theResponseStatusCodeShouldBe(int)&amp#27;[0m
  &amp#27;[36mAnd &amp#27;[0m&amp#27;[36mthe response body should have a non-empty string field &amp#27;[0m&amp#27;[36m&amp#27;[1m"id"&amp#27;[0m                &amp#27;[90m# com.reqres.stepdefs.CommonSteps.theResponseBodyShouldHaveNonEmptyStringField(java.lang.String)&amp#27;[0m
  &amp#27;[36mAnd &amp#27;[0m&amp#27;[36mthe response body should have a valid ISO 8601 timestamp field &amp#27;[0m&amp#27;[36m&amp#27;[1m"createdAt"&amp#27;[0m &amp#27;[90m# com.reqres.stepdefs.CreateUserSteps.theResponseBodyShouldHaveValidIso8601TimestampField(java.lang.String)&amp#27;[0m
  &amp#27;[36mAnd &amp#27;[0m&amp#27;[36mthe response body should not contain field &amp#27;[0m&amp#27;[36m&amp#27;[1m"name"&amp#27;[0m                          &amp#27;[90m# com.reqres.stepdefs.CommonSteps.theResponseBodyShouldNotContainField(java.lang.String)&amp#27;[0m
  &amp#27;[36mAnd &amp#27;[0m&amp#27;[36mthe response body should not contain field &amp#27;[0m&amp#27;[36m&amp#27;[1m"job"&amp#27;[0m                           &amp#27;[90m# com.reqres.stepdefs.CommonSteps.theResponseBodyShouldNotContainField(java.lang.String)&amp#27;[0m
]]></system-out>
  </testcase>
  <testcase name="TC-CU-005 - Create user with additional unexpected fields" classname="Create User - POST /api/users" time="0.004">
    <error message="Could not initialize class com.reqres.config.ApiConfig" type="java.lang.NoClassDefFoundError"><![CDATA[java.lang.NoClassDefFoundError: Could not initialize class com.reqres.config.ApiConfig
	at com.reqres.client.BaseApiClient.withValidApiKey(BaseApiClient.java:18)
	at com.reqres.stepdefs.CommonSteps.iHaveAValidApiKey(CommonSteps.java:29)
	at ✽.I have a valid API key(classpath:features/create_user.feature:64)
Caused by: java.lang.ExceptionInInitializerError: Exception java.lang.IllegalStateException: REQRES_API_KEY environment variable is not set. Get a free key at app.reqres.in/api-keys and export it before running tests. [in thread "main"]
	at com.reqres.config.ApiConfig.resolveApiKey(ApiConfig.java:16)
	at com.reqres.config.ApiConfig.<clinit>(ApiConfig.java:7)
	at com.reqres.client.BaseApiClient.withValidApiKey(BaseApiClient.java:18)
	at com.reqres.stepdefs.CommonSteps.iHaveAValidApiKey(CommonSteps.java:29)
	at java.base/java.lang.reflect.Method.invoke(Method.java:565)
	at io.cucumber.java.Invoker.doInvoke(Invoker.java:66)
	at io.cucumber.java.Invoker.invoke(Invoker.java:24)
	at io.cucumber.java.AbstractGlueDefinition.invokeMethod(AbstractGlueDefinition.java:47)
	at io.cucumber.java.JavaStepDefinition.execute(JavaStepDefinition.java:29)
	at io.cucumber.core.runner.CoreStepDefinition.execute(CoreStepDefinition.java:66)
	at io.cucumber.core.runner.PickleStepDefinitionMatch.runStep(PickleStepDefinitionMatch.java:63)
	at io.cucumber.core.runner.ExecutionMode$1.execute(ExecutionMode.java:10)
	at io.cucumber.core.runner.TestStep.executeStep(TestStep.java:81)
	at io.cucumber.core.runner.TestStep.run(TestStep.java:53)
	at io.cucumber.core.runner.PickleStepTestStep.run(PickleStepTestStep.java:51)
	at io.cucumber.core.runner.TestCase.run(TestCase.java:84)
	at io.cucumber.core.runner.Runner.runPickle(Runner.java:75)
	at io.cucumber.junit.platform.engine.CucumberEngineExecutionContext.lambda$runTestCase$4(CucumberEngineExecutionContext.java:112)
	at io.cucumber.core.runtime.CucumberExecutionContext.lambda$runTestCase$5(CucumberExecutionContext.java:136)
	at io.cucumber.core.runtime.RethrowingThrowableCollector.executeAndThrow(RethrowingThrowableCollector.java:23)
	at io.cucumber.core.runtime.CucumberExecutionContext.runTestCase(CucumberExecutionContext.java:136)
	at io.cucumber.junit.platform.engine.CucumberEngineExecutionContext.runTestCase(CucumberEngineExecutionContext.java:109)
	at io.cucumber.junit.platform.engine.NodeDescriptor$PickleDescriptor.execute(NodeDescriptor.java:168)
	at io.cucumber.junit.platform.engine.NodeDescriptor$PickleDescriptor.execute(NodeDescriptor.java:90)
	at java.base/java.util.ArrayList.forEach(ArrayList.java:1604)
	at java.base/java.util.ArrayList.forEach(ArrayList.java:1604)
]]></error>
    <system-out><![CDATA[
@create-user @edge-case @TC-CU-005
Scenario: TC-CU-005 - Create user with additional unexpected fields              &amp#27;[90m# features/create_user.feature:63&amp#27;[0m
  &amp#27;[32mGiven &amp#27;[0m&amp#27;[32mthe ReqRes API base URL is configured&amp#27;[0m                                    &amp#27;[90m# com.reqres.stepdefs.CommonSteps.theReqResApiBaseUrlIsConfigured()&amp#27;[0m
  &amp#27;[31mGiven &amp#27;[0m&amp#27;[31mI have a valid API key&amp#27;[0m                                                   &amp#27;[90m# com.reqres.stepdefs.CommonSteps.iHaveAValidApiKey()&amp#27;[0m
      &amp#27;[31mjava.lang.NoClassDefFoundError: Could not initialize class com.reqres.config.ApiConfig
	at com.reqres.client.BaseApiClient.withValidApiKey(BaseApiClient.java:18)
	at com.reqres.stepdefs.CommonSteps.iHaveAValidApiKey(CommonSteps.java:29)
	at ✽.I have a valid API key(classpath:features/create_user.feature:64)
Caused by: java.lang.ExceptionInInitializerError: Exception java.lang.IllegalStateException: REQRES_API_KEY environment variable is not set. Get a free key at app.reqres.in/api-keys and export it before running tests. [in thread "main"]
	at com.reqres.config.ApiConfig.resolveApiKey(ApiConfig.java:16)
	at com.reqres.config.ApiConfig.<clinit>(ApiConfig.java:7)
	at com.reqres.client.BaseApiClient.withValidApiKey(BaseApiClient.java:18)
	at com.reqres.stepdefs.CommonSteps.iHaveAValidApiKey(CommonSteps.java:29)
	at java.base/java.lang.reflect.Method.invoke(Method.java:565)
	at io.cucumber.java.Invoker.doInvoke(Invoker.java:66)
	at io.cucumber.java.Invoker.invoke(Invoker.java:24)
	at io.cucumber.java.AbstractGlueDefinition.invokeMethod(AbstractGlueDefinition.java:47)
	at io.cucumber.java.JavaStepDefinition.execute(JavaStepDefinition.java:29)
	at io.cucumber.core.runner.CoreStepDefinition.execute(CoreStepDefinition.java:66)
	at io.cucumber.core.runner.PickleStepDefinitionMatch.runStep(PickleStepDefinitionMatch.java:63)
	at io.cucumber.core.runner.ExecutionMode$1.execute(ExecutionMode.java:10)
	at io.cucumber.core.runner.TestStep.executeStep(TestStep.java:81)
	at io.cucumber.core.runner.TestStep.run(TestStep.java:53)
	at io.cucumber.core.runner.PickleStepTestStep.run(PickleStepTestStep.java:51)
	at io.cucumber.core.runner.TestCase.run(TestCase.java:84)
	at io.cucumber.core.runner.Runner.runPickle(Runner.java:75)
	at io.cucumber.junit.platform.engine.CucumberEngineExecutionContext.lambda$runTestCase$4(CucumberEngineExecutionContext.java:112)
	at io.cucumber.core.runtime.CucumberExecutionContext.lambda$runTestCase$5(CucumberExecutionContext.java:136)
	at io.cucumber.core.runtime.RethrowingThrowableCollector.executeAndThrow(RethrowingThrowableCollector.java:23)
	at io.cucumber.core.runtime.CucumberExecutionContext.runTestCase(CucumberExecutionContext.java:136)
	at io.cucumber.junit.platform.engine.CucumberEngineExecutionContext.runTestCase(CucumberEngineExecutionContext.java:109)
	at io.cucumber.junit.platform.engine.NodeDescriptor$PickleDescriptor.execute(NodeDescriptor.java:168)
	at io.cucumber.junit.platform.engine.NodeDescriptor$PickleDescriptor.execute(NodeDescriptor.java:90)
	at java.base/java.util.ArrayList.forEach(ArrayList.java:1604)
	at java.base/java.util.ArrayList.forEach(ArrayList.java:1604)
&amp#27;[0m
  &amp#27;[36mWhen &amp#27;[0m&amp#27;[36mI send a POST request to &amp#27;[0m&amp#27;[36m&amp#27;[1m"/users"&amp#27;[0m&amp#27;[36m with body:&amp#27;[0m                              &amp#27;[90m# com.reqres.stepdefs.CreateUserSteps.iSendAPostRequestWithBody(java.lang.String,java.lang.String)&amp#27;[0m
  &amp#27;[36mThen &amp#27;[0m&amp#27;[36mthe response status code should be &amp#27;[0m&amp#27;[36m&amp#27;[1m201&amp#27;[0m                                    &amp#27;[90m# com.reqres.stepdefs.CommonSteps.theResponseStatusCodeShouldBe(int)&amp#27;[0m
  &amp#27;[36mAnd &amp#27;[0m&amp#27;[36mthe response body field &amp#27;[0m&amp#27;[36m&amp#27;[1m"name"&amp#27;[0m&amp#27;[36m should equal &amp#27;[0m&amp#27;[36m&amp#27;[1m"neo"&amp#27;[0m                          &amp#27;[90m# com.reqres.stepdefs.CommonSteps.theResponseBodyFieldShouldEqualString(java.lang.String,java.lang.String)&amp#27;[0m
  &amp#27;[36mAnd &amp#27;[0m&amp#27;[36mthe response body field &amp#27;[0m&amp#27;[36m&amp#27;[1m"job"&amp#27;[0m&amp#27;[36m should equal &amp#27;[0m&amp#27;[36m&amp#27;[1m"the one"&amp#27;[0m                       &amp#27;[90m# com.reqres.stepdefs.CommonSteps.theResponseBodyFieldShouldEqualString(java.lang.String,java.lang.String)&amp#27;[0m
  &amp#27;[36mAnd &amp#27;[0m&amp#27;[36mthe response body should have a non-empty string field &amp#27;[0m&amp#27;[36m&amp#27;[1m"id"&amp#27;[0m                &amp#27;[90m# com.reqres.stepdefs.CommonSteps.theResponseBodyShouldHaveNonEmptyStringField(java.lang.String)&amp#27;[0m
  &amp#27;[36mAnd &amp#27;[0m&amp#27;[36mthe response body should have a valid ISO 8601 timestamp field &amp#27;[0m&amp#27;[36m&amp#27;[1m"createdAt"&amp#27;[0m &amp#27;[90m# com.reqres.stepdefs.CreateUserSteps.theResponseBodyShouldHaveValidIso8601TimestampField(java.lang.String)&amp#27;[0m
]]></system-out>
  </testcase>
  <testcase name="TC-CU-006 - Create user without API key header" classname="Create User - POST /api/users" time="1.115">
    <system-out><![CDATA[
@create-user @negative @TC-CU-006
Scenario: TC-CU-006 - Create user without API key header             &amp#27;[90m# features/create_user.feature:76&amp#27;[0m
  &amp#27;[32mGiven &amp#27;[0m&amp#27;[32mthe ReqRes API base URL is configured&amp#27;[0m                        &amp#27;[90m# com.reqres.stepdefs.CommonSteps.theReqResApiBaseUrlIsConfigured()&amp#27;[0m
  &amp#27;[32mGiven &amp#27;[0m&amp#27;[32mI do not include an API key&amp#27;[0m                                  &amp#27;[90m# com.reqres.stepdefs.CommonSteps.iDoNotIncludeAnApiKey()&amp#27;[0m
Request method:	POST
Request URI:	https://reqres.in/api/users
Proxy:			<none>
Request params:	<none>
Query params:	<none>
Form params:	<none>
Path params:	<none>
Headers:		Accept=*/*
				Content-Type=application/json
Cookies:		<none>
Multiparts:		<none>
Body:
{
    "name": "morpheus",
    "job": "leader"
}
HTTP/1.1 401 Unauthorized
Date: Mon, 29 Jun 2026 16:23:27 GMT
Content-Type: application/json; charset=utf-8
Content-Length: 843
Connection: keep-alive
Access-Control-Allow-Origin: *
Cache-Control: no-store
Cross-Origin-Opener-Policy: same-origin
Cross-Origin-Resource-Policy: same-origin
Etag: W/"34b-ktCrb7cpZ6PqSO/9y+g1JrA9Ml0"
Nel: {"report_to":"heroku-nel","response_headers":["Via"],"max_age":3600,"success_fraction":0.01,"failure_fraction":0.1}
Origin-Agent-Cluster: ?1
Referrer-Policy: strict-origin-when-cross-origin
Report-To: {"group":"heroku-nel","endpoints":[{"url":"https://nel.heroku.com/reports?s=1zZDo1Jy%2FwvOaF2bPIsgr7VUWrEo3Rqf6V%2F6Gj%2F7FiA%3D\u0026sid=c4c9725f-1ab0-44d8-820f-430df2718e11\u0026ts=1782750207"}],"max_age":3600}
Reporting-Endpoints: heroku-nel="https://nel.heroku.com/reports?s=1zZDo1Jy%2FwvOaF2bPIsgr7VUWrEo3Rqf6V%2F6Gj%2F7FiA%3D&sid=c4c9725f-1ab0-44d8-820f-430df2718e11&ts=1782750207"
Server: cloudflare
Strict-Transport-Security: max-age=31536000; includeSubDomains
Via: 1.1 heroku-router
X-Content-Type-Options: nosniff
X-Dns-Prefetch-Control: off
X-Download-Options: noopen
X-Frame-Options: DENY
X-Permitted-Cross-Domain-Policies: none
X-Powered-By: ReqRes.in - Deploy backends in 30 seconds
X-Reqres-Docs: https://reqres.in
X-Reqres-Help: missing_api_key
X-Reqres-Message: This API is powered by ReqRes. Deploy your own backend in 30 seconds!
X-Reqres-Templates: https://app.reqres.in/templates
X-Reqres-Tip: Need more than /api/users? Build custom collections - app.reqres.in/dashboard
X-Reqres-Upgrade: https://app.reqres.in/upgrade
X-Request-Id: f3c35065-9699-2ef3-7267-75505dd7641a
X-Robots-Tag: noindex, nofollow
X-Xss-Protection: 0
cf-cache-status: DYNAMIC
CF-RAY: a13646998b011b28-SIN

{
    "error": "missing_api_key",
    "message": "The x-api-key header is required for this endpoint.",
    "hint": "Create a free key at app.reqres.in and send it as x-api-key.",
    "next_steps": [
        "Go to app.reqres.in/api-keys to get your key",
        "Add header: x-api-key: <your_key>",
        "For app user endpoints, use Authorization: Bearer <session_token> instead"
    ],
    "docs_url": "https://app.reqres.in/docs#authentication",
    "example_curl": "curl -H \"x-api-key: YOUR_API_KEY\" https://api.reqres.in/api/collections",
    "_meta": {
        "powered_by": "ReqRes",
        "docs_url": "https://app.reqres.in/documentation",
        "upgrade_url": "https://app.reqres.in/upgrade",
        "example_url": "https://app.reqres.in/examples/notes-app",
        "variant": "v1_a",
        "message": "API key invalid or revoked. Create a new key in API Keys.",
        "cta": {
            "label": "Get a key",
            "url": "https://app.reqres.in/api-keys"
        },
        "context": "invalid_key"
    }
}
  &amp#27;[32mWhen &amp#27;[0m&amp#27;[32mI send a POST request to &amp#27;[0m&amp#27;[32m&amp#27;[1m"/users"&amp#27;[0m&amp#27;[32m with body:&amp#27;[0m                  &amp#27;[90m# com.reqres.stepdefs.CreateUserSteps.iSendAPostRequestWithBody(java.lang.String,java.lang.String)&amp#27;[0m
  &amp#27;[32mThen &amp#27;[0m&amp#27;[32mthe response status code should be &amp#27;[0m&amp#27;[32m&amp#27;[1m401&amp#27;[0m                        &amp#27;[90m# com.reqres.stepdefs.CommonSteps.theResponseStatusCodeShouldBe(int)&amp#27;[0m
  &amp#27;[32mAnd &amp#27;[0m&amp#27;[32mthe response body field &amp#27;[0m&amp#27;[32m&amp#27;[1m"error"&amp#27;[0m&amp#27;[32m should equal &amp#27;[0m&amp#27;[32m&amp#27;[1m"missing_api_key"&amp#27;[0m &amp#27;[90m# com.reqres.stepdefs.CommonSteps.theResponseBodyFieldShouldEqualString(java.lang.String,java.lang.String)&amp#27;[0m
]]></system-out>
  </testcase>
  <testcase name="TC-CU-007 - Create user with invalid API key" classname="Create User - POST /api/users" time="0.537">
    <system-out><![CDATA[
@create-user @negative @TC-CU-007
Scenario: TC-CU-007 - Create user with invalid API key          &amp#27;[90m# features/create_user.feature:86&amp#27;[0m
  &amp#27;[32mGiven &amp#27;[0m&amp#27;[32mthe ReqRes API base URL is configured&amp#27;[0m                   &amp#27;[90m# com.reqres.stepdefs.CommonSteps.theReqResApiBaseUrlIsConfigured()&amp#27;[0m
  &amp#27;[32mGiven &amp#27;[0m&amp#27;[32mI have an invalid API key &amp#27;[0m&amp#27;[32m&amp#27;[1m"invalid-key-xyz"&amp#27;[0m             &amp#27;[90m# com.reqres.stepdefs.CommonSteps.iHaveAnInvalidApiKey(java.lang.String)&amp#27;[0m
Request method:	POST
Request URI:	https://reqres.in/api/users
Proxy:			<none>
Request params:	<none>
Query params:	<none>
Form params:	<none>
Path params:	<none>
Headers:		x-api-key=invalid-key-xyz
				Accept=*/*
				Content-Type=application/json
Cookies:		<none>
Multiparts:		<none>
Body:
{
    "name": "morpheus",
    "job": "leader"
}
HTTP/1.1 403 Forbidden
Date: Mon, 29 Jun 2026 16:23:28 GMT
Content-Type: application/json; charset=utf-8
Transfer-Encoding: chunked
Connection: keep-alive
Access-Control-Allow-Origin: *
Cache-Control: no-store
Cross-Origin-Opener-Policy: same-origin
Cross-Origin-Resource-Policy: same-origin
Etag: W/"2d9-ZCvxH+XvC/SgxtZA6Z6Pa7AqUZU"
Nel: {"report_to":"heroku-nel","response_headers":["Via"],"max_age":3600,"success_fraction":0.01,"failure_fraction":0.1}
Origin-Agent-Cluster: ?1
Referrer-Policy: strict-origin-when-cross-origin
Report-To: {"group":"heroku-nel","endpoints":[{"url":"https://nel.heroku.com/reports?s=1zZDo1Jy%2FwvOaF2bPIsgr7VUWrEo3Rqf6V%2F6Gj%2F7FiA%3D\u0026sid=c4c9725f-1ab0-44d8-820f-430df2718e11\u0026ts=1782750207"}],"max_age":3600}
Reporting-Endpoints: heroku-nel="https://nel.heroku.com/reports?s=1zZDo1Jy%2FwvOaF2bPIsgr7VUWrEo3Rqf6V%2F6Gj%2F7FiA%3D&sid=c4c9725f-1ab0-44d8-820f-430df2718e11&ts=1782750207"
Server: cloudflare
Strict-Transport-Security: max-age=31536000; includeSubDomains
Via: 1.1 heroku-router
X-Content-Type-Options: nosniff
X-Dns-Prefetch-Control: off
X-Download-Options: noopen
X-Frame-Options: DENY
X-Permitted-Cross-Domain-Policies: none
X-Powered-By: ReqRes.in - Deploy backends in 30 seconds
X-Reqres-Docs: https://reqres.in
X-Reqres-Help: invalid_api_key
X-Reqres-Message: This API is powered by ReqRes. Deploy your own backend in 30 seconds!
X-Reqres-Templates: https://app.reqres.in/templates
X-Reqres-Tip: Build with your own data, not fixtures - app.reqres.in/dashboard
X-Reqres-Upgrade: https://app.reqres.in/upgrade
X-Request-Id: 98664ae8-e6e9-2f68-00ad-076445bd21a3
X-Robots-Tag: noindex, nofollow
X-Xss-Protection: 0
cf-cache-status: DYNAMIC
Content-Encoding: gzip
CF-RAY: a136469e2ac18998-SIN

{
    "error": "invalid_api_key",
    "message": "This API key is not recognized or has been revoked.",
    "hint": "Check that your API key is correct and not expired.",
    "next_steps": [
        "Verify the key in your dashboard at app.reqres.in/api-keys",
        "Regenerate the key if needed",
        "Ensure you're using the correct key type (manage/public)"
    ],
    "docs_url": "https://app.reqres.in/docs#api-keys",
    "_meta": {
        "powered_by": "ReqRes",
        "docs_url": "https://app.reqres.in/documentation",
        "upgrade_url": "https://app.reqres.in/upgrade",
        "example_url": "https://app.reqres.in/examples/notes-app",
        "variant": "v1_a",
        "message": "API key invalid or revoked. Create a new key in API Keys.",
        "cta": {
            "label": "Get a key",
            "url": "https://app.reqres.in/api-keys"
        },
        "context": "invalid_key"
    }
}
  &amp#27;[32mWhen &amp#27;[0m&amp#27;[32mI send a POST request to &amp#27;[0m&amp#27;[32m&amp#27;[1m"/users"&amp#27;[0m&amp#27;[32m with body:&amp#27;[0m             &amp#27;[90m# com.reqres.stepdefs.CreateUserSteps.iSendAPostRequestWithBody(java.lang.String,java.lang.String)&amp#27;[0m
  &amp#27;[32mThen &amp#27;[0m&amp#27;[32mthe response status code should be &amp#27;[0m&amp#27;[32m&amp#27;[1m403&amp#27;[0m                   &amp#27;[90m# com.reqres.stepdefs.CommonSteps.theResponseStatusCodeShouldBe(int)&amp#27;[0m
  &amp#27;[32mAnd &amp#27;[0m&amp#27;[32mthe response body should contain an API key error message&amp#27;[0m &amp#27;[90m# com.reqres.stepdefs.CommonSteps.theResponseBodyShouldContainAnApiKeyErrorMessage()&amp#27;[0m
]]></system-out>
  </testcase>
  <testcase name="TC-CU-008 - Create user with special characters in name and job" classname="Create User - POST /api/users" time="0.009">
    <error message="Could not initialize class com.reqres.config.ApiConfig" type="java.lang.NoClassDefFoundError"><![CDATA[java.lang.NoClassDefFoundError: Could not initialize class com.reqres.config.ApiConfig
	at com.reqres.client.BaseApiClient.withValidApiKey(BaseApiClient.java:18)
	at com.reqres.stepdefs.CommonSteps.iHaveAValidApiKey(CommonSteps.java:29)
	at ✽.I have a valid API key(classpath:features/create_user.feature:97)
Caused by: java.lang.ExceptionInInitializerError: Exception java.lang.IllegalStateException: REQRES_API_KEY environment variable is not set. Get a free key at app.reqres.in/api-keys and export it before running tests. [in thread "main"]
	at com.reqres.config.ApiConfig.resolveApiKey(ApiConfig.java:16)
	at com.reqres.config.ApiConfig.<clinit>(ApiConfig.java:7)
	at com.reqres.client.BaseApiClient.withValidApiKey(BaseApiClient.java:18)
	at com.reqres.stepdefs.CommonSteps.iHaveAValidApiKey(CommonSteps.java:29)
	at java.base/java.lang.reflect.Method.invoke(Method.java:565)
	at io.cucumber.java.Invoker.doInvoke(Invoker.java:66)
	at io.cucumber.java.Invoker.invoke(Invoker.java:24)
	at io.cucumber.java.AbstractGlueDefinition.invokeMethod(AbstractGlueDefinition.java:47)
	at io.cucumber.java.JavaStepDefinition.execute(JavaStepDefinition.java:29)
	at io.cucumber.core.runner.CoreStepDefinition.execute(CoreStepDefinition.java:66)
	at io.cucumber.core.runner.PickleStepDefinitionMatch.runStep(PickleStepDefinitionMatch.java:63)
	at io.cucumber.core.runner.ExecutionMode$1.execute(ExecutionMode.java:10)
	at io.cucumber.core.runner.TestStep.executeStep(TestStep.java:81)
	at io.cucumber.core.runner.TestStep.run(TestStep.java:53)
	at io.cucumber.core.runner.PickleStepTestStep.run(PickleStepTestStep.java:51)
	at io.cucumber.core.runner.TestCase.run(TestCase.java:84)
	at io.cucumber.core.runner.Runner.runPickle(Runner.java:75)
	at io.cucumber.junit.platform.engine.CucumberEngineExecutionContext.lambda$runTestCase$4(CucumberEngineExecutionContext.java:112)
	at io.cucumber.core.runtime.CucumberExecutionContext.lambda$runTestCase$5(CucumberExecutionContext.java:136)
	at io.cucumber.core.runtime.RethrowingThrowableCollector.executeAndThrow(RethrowingThrowableCollector.java:23)
	at io.cucumber.core.runtime.CucumberExecutionContext.runTestCase(CucumberExecutionContext.java:136)
	at io.cucumber.junit.platform.engine.CucumberEngineExecutionContext.runTestCase(CucumberEngineExecutionContext.java:109)
	at io.cucumber.junit.platform.engine.NodeDescriptor$PickleDescriptor.execute(NodeDescriptor.java:168)
	at io.cucumber.junit.platform.engine.NodeDescriptor$PickleDescriptor.execute(NodeDescriptor.java:90)
	at java.base/java.util.ArrayList.forEach(ArrayList.java:1604)
	at java.base/java.util.ArrayList.forEach(ArrayList.java:1604)
]]></error>
    <system-out><![CDATA[
@create-user @edge-case @TC-CU-008
Scenario: TC-CU-008 - Create user with special characters in name and job        &amp#27;[90m# features/create_user.feature:96&amp#27;[0m
  &amp#27;[32mGiven &amp#27;[0m&amp#27;[32mthe ReqRes API base URL is configured&amp#27;[0m                                    &amp#27;[90m# com.reqres.stepdefs.CommonSteps.theReqResApiBaseUrlIsConfigured()&amp#27;[0m
  &amp#27;[31mGiven &amp#27;[0m&amp#27;[31mI have a valid API key&amp#27;[0m                                                   &amp#27;[90m# com.reqres.stepdefs.CommonSteps.iHaveAValidApiKey()&amp#27;[0m
      &amp#27;[31mjava.lang.NoClassDefFoundError: Could not initialize class com.reqres.config.ApiConfig
	at com.reqres.client.BaseApiClient.withValidApiKey(BaseApiClient.java:18)
	at com.reqres.stepdefs.CommonSteps.iHaveAValidApiKey(CommonSteps.java:29)
	at ✽.I have a valid API key(classpath:features/create_user.feature:97)
Caused by: java.lang.ExceptionInInitializerError: Exception java.lang.IllegalStateException: REQRES_API_KEY environment variable is not set. Get a free key at app.reqres.in/api-keys and export it before running tests. [in thread "main"]
	at com.reqres.config.ApiConfig.resolveApiKey(ApiConfig.java:16)
	at com.reqres.config.ApiConfig.<clinit>(ApiConfig.java:7)
	at com.reqres.client.BaseApiClient.withValidApiKey(BaseApiClient.java:18)
	at com.reqres.stepdefs.CommonSteps.iHaveAValidApiKey(CommonSteps.java:29)
	at java.base/java.lang.reflect.Method.invoke(Method.java:565)
	at io.cucumber.java.Invoker.doInvoke(Invoker.java:66)
	at io.cucumber.java.Invoker.invoke(Invoker.java:24)
	at io.cucumber.java.AbstractGlueDefinition.invokeMethod(AbstractGlueDefinition.java:47)
	at io.cucumber.java.JavaStepDefinition.execute(JavaStepDefinition.java:29)
	at io.cucumber.core.runner.CoreStepDefinition.execute(CoreStepDefinition.java:66)
	at io.cucumber.core.runner.PickleStepDefinitionMatch.runStep(PickleStepDefinitionMatch.java:63)
	at io.cucumber.core.runner.ExecutionMode$1.execute(ExecutionMode.java:10)
	at io.cucumber.core.runner.TestStep.executeStep(TestStep.java:81)
	at io.cucumber.core.runner.TestStep.run(TestStep.java:53)
	at io.cucumber.core.runner.PickleStepTestStep.run(PickleStepTestStep.java:51)
	at io.cucumber.core.runner.TestCase.run(TestCase.java:84)
	at io.cucumber.core.runner.Runner.runPickle(Runner.java:75)
	at io.cucumber.junit.platform.engine.CucumberEngineExecutionContext.lambda$runTestCase$4(CucumberEngineExecutionContext.java:112)
	at io.cucumber.core.runtime.CucumberExecutionContext.lambda$runTestCase$5(CucumberExecutionContext.java:136)
	at io.cucumber.core.runtime.RethrowingThrowableCollector.executeAndThrow(RethrowingThrowableCollector.java:23)
	at io.cucumber.core.runtime.CucumberExecutionContext.runTestCase(CucumberExecutionContext.java:136)
	at io.cucumber.junit.platform.engine.CucumberEngineExecutionContext.runTestCase(CucumberEngineExecutionContext.java:109)
	at io.cucumber.junit.platform.engine.NodeDescriptor$PickleDescriptor.execute(NodeDescriptor.java:168)
	at io.cucumber.junit.platform.engine.NodeDescriptor$PickleDescriptor.execute(NodeDescriptor.java:90)
	at java.base/java.util.ArrayList.forEach(ArrayList.java:1604)
	at java.base/java.util.ArrayList.forEach(ArrayList.java:1604)
&amp#27;[0m
  &amp#27;[36mWhen &amp#27;[0m&amp#27;[36mI send a POST request to &amp#27;[0m&amp#27;[36m&amp#27;[1m"/users"&amp#27;[0m&amp#27;[36m with body:&amp#27;[0m                              &amp#27;[90m# com.reqres.stepdefs.CreateUserSteps.iSendAPostRequestWithBody(java.lang.String,java.lang.String)&amp#27;[0m
  &amp#27;[36mThen &amp#27;[0m&amp#27;[36mthe response status code should be &amp#27;[0m&amp#27;[36m&amp#27;[1m201&amp#27;[0m                                    &amp#27;[90m# com.reqres.stepdefs.CommonSteps.theResponseStatusCodeShouldBe(int)&amp#27;[0m
  &amp#27;[36mAnd &amp#27;[0m&amp#27;[36mthe response body field &amp#27;[0m&amp#27;[36m&amp#27;[1m"name"&amp#27;[0m&amp#27;[36m should equal &amp#27;[0m&amp#27;[36m&amp#27;[1m"Ñoño O'Brien"&amp#27;[0m                 &amp#27;[90m# com.reqres.stepdefs.CommonSteps.theResponseBodyFieldShouldEqualString(java.lang.String,java.lang.String)&amp#27;[0m
  &amp#27;[36mAnd &amp#27;[0m&amp#27;[36mthe response body field &amp#27;[0m&amp#27;[36m&amp#27;[1m"job"&amp#27;[0m&amp#27;[36m should equal &amp#27;[0m&amp#27;[36m&amp#27;[1m"Dev & QA <Lead>"&amp#27;[0m               &amp#27;[90m# com.reqres.stepdefs.CommonSteps.theResponseBodyFieldShouldEqualString(java.lang.String,java.lang.String)&amp#27;[0m
  &amp#27;[36mAnd &amp#27;[0m&amp#27;[36mthe response body should have a non-empty string field &amp#27;[0m&amp#27;[36m&amp#27;[1m"id"&amp#27;[0m                &amp#27;[90m# com.reqres.stepdefs.CommonSteps.theResponseBodyShouldHaveNonEmptyStringField(java.lang.String)&amp#27;[0m
  &amp#27;[36mAnd &amp#27;[0m&amp#27;[36mthe response body should have a valid ISO 8601 timestamp field &amp#27;[0m&amp#27;[36m&amp#27;[1m"createdAt"&amp#27;[0m &amp#27;[90m# com.reqres.stepdefs.CreateUserSteps.theResponseBodyShouldHaveValidIso8601TimestampField(java.lang.String)&amp#27;[0m
]]></system-out>
  </testcase>
  <testcase name="TC-CU-009 - Create user with numeric string values" classname="Create User - POST /api/users" time="0.007">
    <error message="Could not initialize class com.reqres.config.ApiConfig" type="java.lang.NoClassDefFoundError"><![CDATA[java.lang.NoClassDefFoundError: Could not initialize class com.reqres.config.ApiConfig
	at com.reqres.client.BaseApiClient.withValidApiKey(BaseApiClient.java:18)
	at com.reqres.stepdefs.CommonSteps.iHaveAValidApiKey(CommonSteps.java:29)
	at ✽.I have a valid API key(classpath:features/create_user.feature:110)
Caused by: java.lang.ExceptionInInitializerError: Exception java.lang.IllegalStateException: REQRES_API_KEY environment variable is not set. Get a free key at app.reqres.in/api-keys and export it before running tests. [in thread "main"]
	at com.reqres.config.ApiConfig.resolveApiKey(ApiConfig.java:16)
	at com.reqres.config.ApiConfig.<clinit>(ApiConfig.java:7)
	at com.reqres.client.BaseApiClient.withValidApiKey(BaseApiClient.java:18)
	at com.reqres.stepdefs.CommonSteps.iHaveAValidApiKey(CommonSteps.java:29)
	at java.base/java.lang.reflect.Method.invoke(Method.java:565)
	at io.cucumber.java.Invoker.doInvoke(Invoker.java:66)
	at io.cucumber.java.Invoker.invoke(Invoker.java:24)
	at io.cucumber.java.AbstractGlueDefinition.invokeMethod(AbstractGlueDefinition.java:47)
	at io.cucumber.java.JavaStepDefinition.execute(JavaStepDefinition.java:29)
	at io.cucumber.core.runner.CoreStepDefinition.execute(CoreStepDefinition.java:66)
	at io.cucumber.core.runner.PickleStepDefinitionMatch.runStep(PickleStepDefinitionMatch.java:63)
	at io.cucumber.core.runner.ExecutionMode$1.execute(ExecutionMode.java:10)
	at io.cucumber.core.runner.TestStep.executeStep(TestStep.java:81)
	at io.cucumber.core.runner.TestStep.run(TestStep.java:53)
	at io.cucumber.core.runner.PickleStepTestStep.run(PickleStepTestStep.java:51)
	at io.cucumber.core.runner.TestCase.run(TestCase.java:84)
	at io.cucumber.core.runner.Runner.runPickle(Runner.java:75)
	at io.cucumber.junit.platform.engine.CucumberEngineExecutionContext.lambda$runTestCase$4(CucumberEngineExecutionContext.java:112)
	at io.cucumber.core.runtime.CucumberExecutionContext.lambda$runTestCase$5(CucumberExecutionContext.java:136)
	at io.cucumber.core.runtime.RethrowingThrowableCollector.executeAndThrow(RethrowingThrowableCollector.java:23)
	at io.cucumber.core.runtime.CucumberExecutionContext.runTestCase(CucumberExecutionContext.java:136)
	at io.cucumber.junit.platform.engine.CucumberEngineExecutionContext.runTestCase(CucumberEngineExecutionContext.java:109)
	at io.cucumber.junit.platform.engine.NodeDescriptor$PickleDescriptor.execute(NodeDescriptor.java:168)
	at io.cucumber.junit.platform.engine.NodeDescriptor$PickleDescriptor.execute(NodeDescriptor.java:90)
	at java.base/java.util.ArrayList.forEach(ArrayList.java:1604)
	at java.base/java.util.ArrayList.forEach(ArrayList.java:1604)
]]></error>
    <system-out><![CDATA[
@create-user @edge-case @TC-CU-009
Scenario: TC-CU-009 - Create user with numeric string values                     &amp#27;[90m# features/create_user.feature:109&amp#27;[0m
  &amp#27;[32mGiven &amp#27;[0m&amp#27;[32mthe ReqRes API base URL is configured&amp#27;[0m                                    &amp#27;[90m# com.reqres.stepdefs.CommonSteps.theReqResApiBaseUrlIsConfigured()&amp#27;[0m
  &amp#27;[31mGiven &amp#27;[0m&amp#27;[31mI have a valid API key&amp#27;[0m                                                   &amp#27;[90m# com.reqres.stepdefs.CommonSteps.iHaveAValidApiKey()&amp#27;[0m
      &amp#27;[31mjava.lang.NoClassDefFoundError: Could not initialize class com.reqres.config.ApiConfig
	at com.reqres.client.BaseApiClient.withValidApiKey(BaseApiClient.java:18)
	at com.reqres.stepdefs.CommonSteps.iHaveAValidApiKey(CommonSteps.java:29)
	at ✽.I have a valid API key(classpath:features/create_user.feature:110)
Caused by: java.lang.ExceptionInInitializerError: Exception java.lang.IllegalStateException: REQRES_API_KEY environment variable is not set. Get a free key at app.reqres.in/api-keys and export it before running tests. [in thread "main"]
	at com.reqres.config.ApiConfig.resolveApiKey(ApiConfig.java:16)
	at com.reqres.config.ApiConfig.<clinit>(ApiConfig.java:7)
	at com.reqres.client.BaseApiClient.withValidApiKey(BaseApiClient.java:18)
	at com.reqres.stepdefs.CommonSteps.iHaveAValidApiKey(CommonSteps.java:29)
	at java.base/java.lang.reflect.Method.invoke(Method.java:565)
	at io.cucumber.java.Invoker.doInvoke(Invoker.java:66)
	at io.cucumber.java.Invoker.invoke(Invoker.java:24)
	at io.cucumber.java.AbstractGlueDefinition.invokeMethod(AbstractGlueDefinition.java:47)
	at io.cucumber.java.JavaStepDefinition.execute(JavaStepDefinition.java:29)
	at io.cucumber.core.runner.CoreStepDefinition.execute(CoreStepDefinition.java:66)
	at io.cucumber.core.runner.PickleStepDefinitionMatch.runStep(PickleStepDefinitionMatch.java:63)
	at io.cucumber.core.runner.ExecutionMode$1.execute(ExecutionMode.java:10)
	at io.cucumber.core.runner.TestStep.executeStep(TestStep.java:81)
	at io.cucumber.core.runner.TestStep.run(TestStep.java:53)
	at io.cucumber.core.runner.PickleStepTestStep.run(PickleStepTestStep.java:51)
	at io.cucumber.core.runner.TestCase.run(TestCase.java:84)
	at io.cucumber.core.runner.Runner.runPickle(Runner.java:75)
	at io.cucumber.junit.platform.engine.CucumberEngineExecutionContext.lambda$runTestCase$4(CucumberEngineExecutionContext.java:112)
	at io.cucumber.core.runtime.CucumberExecutionContext.lambda$runTestCase$5(CucumberExecutionContext.java:136)
	at io.cucumber.core.runtime.RethrowingThrowableCollector.executeAndThrow(RethrowingThrowableCollector.java:23)
	at io.cucumber.core.runtime.CucumberExecutionContext.runTestCase(CucumberExecutionContext.java:136)
	at io.cucumber.junit.platform.engine.CucumberEngineExecutionContext.runTestCase(CucumberEngineExecutionContext.java:109)
	at io.cucumber.junit.platform.engine.NodeDescriptor$PickleDescriptor.execute(NodeDescriptor.java:168)
	at io.cucumber.junit.platform.engine.NodeDescriptor$PickleDescriptor.execute(NodeDescriptor.java:90)
	at java.base/java.util.ArrayList.forEach(ArrayList.java:1604)
	at java.base/java.util.ArrayList.forEach(ArrayList.java:1604)
&amp#27;[0m
  &amp#27;[36mWhen &amp#27;[0m&amp#27;[36mI send a POST request to &amp#27;[0m&amp#27;[36m&amp#27;[1m"/users"&amp#27;[0m&amp#27;[36m with body:&amp#27;[0m                              &amp#27;[90m# com.reqres.stepdefs.CreateUserSteps.iSendAPostRequestWithBody(java.lang.String,java.lang.String)&amp#27;[0m
  &amp#27;[36mThen &amp#27;[0m&amp#27;[36mthe response status code should be &amp#27;[0m&amp#27;[36m&amp#27;[1m201&amp#27;[0m                                    &amp#27;[90m# com.reqres.stepdefs.CommonSteps.theResponseStatusCodeShouldBe(int)&amp#27;[0m
  &amp#27;[36mAnd &amp#27;[0m&amp#27;[36mthe response body field &amp#27;[0m&amp#27;[36m&amp#27;[1m"name"&amp#27;[0m&amp#27;[36m should equal &amp#27;[0m&amp#27;[36m&amp#27;[1m"12345"&amp#27;[0m                        &amp#27;[90m# com.reqres.stepdefs.CommonSteps.theResponseBodyFieldShouldEqualString(java.lang.String,java.lang.String)&amp#27;[0m
  &amp#27;[36mAnd &amp#27;[0m&amp#27;[36mthe response body field &amp#27;[0m&amp#27;[36m&amp#27;[1m"job"&amp#27;[0m&amp#27;[36m should equal &amp#27;[0m&amp#27;[36m&amp#27;[1m"007"&amp#27;[0m                           &amp#27;[90m# com.reqres.stepdefs.CommonSteps.theResponseBodyFieldShouldEqualString(java.lang.String,java.lang.String)&amp#27;[0m
  &amp#27;[36mAnd &amp#27;[0m&amp#27;[36mthe response body should have a non-empty string field &amp#27;[0m&amp#27;[36m&amp#27;[1m"id"&amp#27;[0m                &amp#27;[90m# com.reqres.stepdefs.CommonSteps.theResponseBodyShouldHaveNonEmptyStringField(java.lang.String)&amp#27;[0m
  &amp#27;[36mAnd &amp#27;[0m&amp#27;[36mthe response body should have a valid ISO 8601 timestamp field &amp#27;[0m&amp#27;[36m&amp#27;[1m"createdAt"&amp#27;[0m &amp#27;[90m# com.reqres.stepdefs.CreateUserSteps.theResponseBodyShouldHaveValidIso8601TimestampField(java.lang.String)&amp#27;[0m
]]></system-out>
  </testcase>
  <testcase name="TC-CU-010 - Create user with very long string values (boundary)" classname="Create User - POST /api/users" time="0.006">
    <error message="Could not initialize class com.reqres.config.ApiConfig" type="java.lang.NoClassDefFoundError"><![CDATA[java.lang.NoClassDefFoundError: Could not initialize class com.reqres.config.ApiConfig
	at com.reqres.client.BaseApiClient.withValidApiKey(BaseApiClient.java:18)
	at com.reqres.stepdefs.CommonSteps.iHaveAValidApiKey(CommonSteps.java:29)
	at ✽.I have a valid API key(classpath:features/create_user.feature:123)
Caused by: java.lang.ExceptionInInitializerError: Exception java.lang.IllegalStateException: REQRES_API_KEY environment variable is not set. Get a free key at app.reqres.in/api-keys and export it before running tests. [in thread "main"]
	at com.reqres.config.ApiConfig.resolveApiKey(ApiConfig.java:16)
	at com.reqres.config.ApiConfig.<clinit>(ApiConfig.java:7)
	at com.reqres.client.BaseApiClient.withValidApiKey(BaseApiClient.java:18)
	at com.reqres.stepdefs.CommonSteps.iHaveAValidApiKey(CommonSteps.java:29)
	at java.base/java.lang.reflect.Method.invoke(Method.java:565)
	at io.cucumber.java.Invoker.doInvoke(Invoker.java:66)
[...]
	at io.cucumber.core.runner.TestCase.run(TestCase.java:84)
	at io.cucumber.core.runner.Runner.runPickle(Runner.java:75)
	at io.cucumber.junit.platform.engine.CucumberEngineExecutionContext.lambda$runTestCase$4(CucumberEngineExecutionContext.java:112)
	at io.cucumber.core.runtime.CucumberExecutionContext.lambda$runTestCase$5(CucumberExecutionContext.java:136)
	at io.cucumber.core.runtime.RethrowingThrowableCollector.executeAndThrow(RethrowingThrowableCollector.java:23)
	at io.cucumber.core.runtime.CucumberExecutionContext.runTestCase(CucumberExecutionContext.java:136)
	at io.cucumber.junit.platform.engine.CucumberEngineExecutionContext.runTestCase(CucumberEngineExecutionContext.java:109)
	at io.cucumber.junit.platform.engine.NodeDescriptor$PickleDescriptor.execute(NodeDescriptor.java:168)
	at io.cucumber.junit.platform.engine.NodeDescriptor$PickleDescriptor.execute(NodeDescriptor.java:90)
	at java.base/java.util.ArrayList.forEach(ArrayList.java:1604)
	at java.base/java.util.ArrayList.forEach(ArrayList.java:1604)
]]></error>
    <system-out><![CDATA[
@list-users @positive @TC-LU-014
Scenario: TC-LU-014 - Verify support object is present and well-formed        &amp#27;[90m# features/list_users.feature:123&amp#27;[0m
  &amp#27;[32mGiven &amp#27;[0m&amp#27;[32mthe ReqRes API base URL is configured&amp#27;[0m                                 &amp#27;[90m# com.reqres.stepdefs.CommonSteps.theReqResApiBaseUrlIsConfigured()&amp#27;[0m
  &amp#27;[31mGiven &amp#27;[0m&amp#27;[31mI have a valid API key&amp#27;[0m                                                &amp#27;[90m# com.reqres.stepdefs.CommonSteps.iHaveAValidApiKey()&amp#27;[0m
      &amp#27;[31mjava.lang.NoClassDefFoundError: Could not initialize class com.reqres.config.ApiConfig
	at com.reqres.client.BaseApiClient.withValidApiKey(BaseApiClient.java:18)
	at com.reqres.stepdefs.CommonSteps.iHaveAValidApiKey(CommonSteps.java:29)
	at ✽.I have a valid API key(classpath:features/list_users.feature:124)
Caused by: java.lang.ExceptionInInitializerError: Exception java.lang.IllegalStateException: REQRES_API_KEY environment variable is not set. Get a free key at app.reqres.in/api-keys and export it before running tests. [in thread "main"]
	at com.reqres.config.ApiConfig.resolveApiKey(ApiConfig.java:16)
	at com.reqres.config.ApiConfig.<clinit>(ApiConfig.java:7)
	at com.reqres.client.BaseApiClient.withValidApiKey(BaseApiClient.java:18)
	at com.reqres.stepdefs.CommonSteps.iHaveAValidApiKey(CommonSteps.java:29)
	at java.base/java.lang.reflect.Method.invoke(Method.java:565)
	at io.cucumber.java.Invoker.doInvoke(Invoker.java:66)
	at io.cucumber.java.Invoker.invoke(Invoker.java:24)
	at io.cucumber.java.AbstractGlueDefinition.invokeMethod(AbstractGlueDefinition.java:47)
	at io.cucumber.java.JavaStepDefinition.execute(JavaStepDefinition.java:29)
	at io.cucumber.core.runner.CoreStepDefinition.execute(CoreStepDefinition.java:66)
	at io.cucumber.core.runner.PickleStepDefinitionMatch.runStep(PickleStepDefinitionMatch.java:63)
	at io.cucumber.core.runner.ExecutionMode$1.execute(ExecutionMode.java:10)
	at io.cucumber.core.runner.TestStep.executeStep(TestStep.java:81)
	at io.cucumber.core.runner.TestStep.run(TestStep.java:53)
	at io.cucumber.core.runner.PickleStepTestStep.run(PickleStepTestStep.java:51)
	at io.cucumber.core.runner.TestCase.run(TestCase.java:84)
	at io.cucumber.core.runner.Runner.runPickle(Runner.java:75)
	at io.cucumber.junit.platform.engine.CucumberEngineExecutionContext.lambda$runTestCase$4(CucumberEngineExecutionContext.java:112)
	at io.cucumber.core.runtime.CucumberExecutionContext.lambda$runTestCase$5(CucumberExecutionContext.java:136)
	at io.cucumber.core.runtime.RethrowingThrowableCollector.executeAndThrow(RethrowingThrowableCollector.java:23)
	at io.cucumber.core.runtime.CucumberExecutionContext.runTestCase(CucumberExecutionContext.java:136)
	at io.cucumber.junit.platform.engine.CucumberEngineExecutionContext.runTestCase(CucumberEngineExecutionContext.java:109)
	at io.cucumber.junit.platform.engine.NodeDescriptor$PickleDescriptor.execute(NodeDescriptor.java:168)
	at io.cucumber.junit.platform.engine.NodeDescriptor$PickleDescriptor.execute(NodeDescriptor.java:90)
	at java.base/java.util.ArrayList.forEach(ArrayList.java:1604)
	at java.base/java.util.ArrayList.forEach(ArrayList.java:1604)
&amp#27;[0m
  &amp#27;[36mWhen &amp#27;[0m&amp#27;[36mI send a GET request to &amp#27;[0m&amp#27;[36m&amp#27;[1m"/users?page=1"&amp#27;[0m                                &amp#27;[90m# com.reqres.stepdefs.ListUsersSteps.iSendAGetRequestTo(java.lang.String)&amp#27;[0m
  &amp#27;[36mThen &amp#27;[0m&amp#27;[36mthe response status code should be &amp#27;[0m&amp#27;[36m&amp#27;[1m200&amp#27;[0m                                 &amp#27;[90m# com.reqres.stepdefs.CommonSteps.theResponseStatusCodeShouldBe(int)&amp#27;[0m
  &amp#27;[36mAnd &amp#27;[0m&amp#27;[36mthe response body &amp#27;[0m&amp#27;[36m&amp#27;[1m"support"&amp#27;[0m&amp#27;[36m object should have a non-empty &amp#27;[0m&amp#27;[36m&amp#27;[1m"url"&amp#27;[0m&amp#27;[36m field&amp#27;[0m  &amp#27;[90m# com.reqres.stepdefs.ListUsersSteps.theResponseBodyObjectShouldHaveNonEmptyField(java.lang.String,java.lang.String)&amp#27;[0m
  &amp#27;[36mAnd &amp#27;[0m&amp#27;[36mthe response body &amp#27;[0m&amp#27;[36m&amp#27;[1m"support"&amp#27;[0m&amp#27;[36m object should have a non-empty &amp#27;[0m&amp#27;[36m&amp#27;[1m"text"&amp#27;[0m&amp#27;[36m field&amp#27;[0m &amp#27;[90m# com.reqres.stepdefs.ListUsersSteps.theResponseBodyObjectShouldHaveNonEmptyField(java.lang.String,java.lang.String)&amp#27;[0m
]]></system-out>
  </testcase>
  <testcase name="TC-LU-015 - Verify page 1 and page 2 return non-overlapping users" classname="List Users - GET /api/users" time="0.002">
    <error message="Could not initialize class com.reqres.config.ApiConfig" type="java.lang.NoClassDefFoundError"><![CDATA[java.lang.NoClassDefFoundError: Could not initialize class com.reqres.config.ApiConfig
	at com.reqres.client.BaseApiClient.withValidApiKey(BaseApiClient.java:18)
	at com.reqres.stepdefs.CommonSteps.iHaveAValidApiKey(CommonSteps.java:29)
	at ✽.I have a valid API key(classpath:features/list_users.feature:132)
Caused by: java.lang.ExceptionInInitializerError: Exception java.lang.IllegalStateException: REQRES_API_KEY environment variable is not set. Get a free key at app.reqres.in/api-keys and export it before running tests. [in thread "main"]
	at com.reqres.config.ApiConfig.resolveApiKey(ApiConfig.java:16)
	at com.reqres.config.ApiConfig.<clinit>(ApiConfig.java:7)
	at com.reqres.client.BaseApiClient.withValidApiKey(BaseApiClient.java:18)
	at com.reqres.stepdefs.CommonSteps.iHaveAValidApiKey(CommonSteps.java:29)
	at java.base/java.lang.reflect.Method.invoke(Method.java:565)
	at io.cucumber.java.Invoker.doInvoke(Invoker.java:66)
	at io.cucumber.java.Invoker.invoke(Invoker.java:24)
	at io.cucumber.java.AbstractGlueDefinition.invokeMethod(AbstractGlueDefinition.java:47)
	at io.cucumber.java.JavaStepDefinition.execute(JavaStepDefinition.java:29)
	at io.cucumber.core.runner.CoreStepDefinition.execute(CoreStepDefinition.java:66)
	at io.cucumber.core.runner.PickleStepDefinitionMatch.runStep(PickleStepDefinitionMatch.java:63)
	at io.cucumber.core.runner.ExecutionMode$1.execute(ExecutionMode.java:10)
	at io.cucumber.core.runner.TestStep.executeStep(TestStep.java:81)
	at io.cucumber.core.runner.TestStep.run(TestStep.java:53)
	at io.cucumber.core.runner.PickleStepTestStep.run(PickleStepTestStep.java:51)
	at io.cucumber.core.runner.TestCase.run(TestCase.java:84)
	at io.cucumber.core.runner.Runner.runPickle(Runner.java:75)
	at io.cucumber.junit.platform.engine.CucumberEngineExecutionContext.lambda$runTestCase$4(CucumberEngineExecutionContext.java:112)
	at io.cucumber.core.runtime.CucumberExecutionContext.lambda$runTestCase$5(CucumberExecutionContext.java:136)
	at io.cucumber.core.runtime.RethrowingThrowableCollector.executeAndThrow(RethrowingThrowableCollector.java:23)
	at io.cucumber.core.runtime.CucumberExecutionContext.runTestCase(CucumberExecutionContext.java:136)
	at io.cucumber.junit.platform.engine.CucumberEngineExecutionContext.runTestCase(CucumberEngineExecutionContext.java:109)
	at io.cucumber.junit.platform.engine.NodeDescriptor$PickleDescriptor.execute(NodeDescriptor.java:168)
	at io.cucumber.junit.platform.engine.NodeDescriptor$PickleDescriptor.execute(NodeDescriptor.java:90)
	at java.base/java.util.ArrayList.forEach(ArrayList.java:1604)
	at java.base/java.util.ArrayList.forEach(ArrayList.java:1604)
]]></error>
    <system-out><![CDATA[
@list-users @positive @TC-LU-015
Scenario: TC-LU-015 - Verify page 1 and page 2 return non-overlapping users &amp#27;[90m# features/list_users.feature:131&amp#27;[0m
  &amp#27;[32mGiven &amp#27;[0m&amp#27;[32mthe ReqRes API base URL is configured&amp#27;[0m                               &amp#27;[90m# com.reqres.stepdefs.CommonSteps.theReqResApiBaseUrlIsConfigured()&amp#27;[0m
  &amp#27;[31mGiven &amp#27;[0m&amp#27;[31mI have a valid API key&amp#27;[0m                                              &amp#27;[90m# com.reqres.stepdefs.CommonSteps.iHaveAValidApiKey()&amp#27;[0m
      &amp#27;[31mjava.lang.NoClassDefFoundError: Could not initialize class com.reqres.config.ApiConfig
	at com.reqres.client.BaseApiClient.withValidApiKey(BaseApiClient.java:18)
	at com.reqres.stepdefs.CommonSteps.iHaveAValidApiKey(CommonSteps.java:29)
	at ✽.I have a valid API key(classpath:features/list_users.feature:132)
Caused by: java.lang.ExceptionInInitializerError: Exception java.lang.IllegalStateException: REQRES_API_KEY environment variable is not set. Get a free key at app.reqres.in/api-keys and export it before running tests. [in thread "main"]
	at com.reqres.config.ApiConfig.resolveApiKey(ApiConfig.java:16)
	at com.reqres.config.ApiConfig.<clinit>(ApiConfig.java:7)
	at com.reqres.client.BaseApiClient.withValidApiKey(BaseApiClient.java:18)
	at com.reqres.stepdefs.CommonSteps.iHaveAValidApiKey(CommonSteps.java:29)
	at java.base/java.lang.reflect.Method.invoke(Method.java:565)
	at io.cucumber.java.Invoker.doInvoke(Invoker.java:66)
	at io.cucumber.java.Invoker.invoke(Invoker.java:24)
	at io.cucumber.java.AbstractGlueDefinition.invokeMethod(AbstractGlueDefinition.java:47)
	at io.cucumber.java.JavaStepDefinition.execute(JavaStepDefinition.java:29)
	at io.cucumber.core.runner.CoreStepDefinition.execute(CoreStepDefinition.java:66)
	at io.cucumber.core.runner.PickleStepDefinitionMatch.runStep(PickleStepDefinitionMatch.java:63)
	at io.cucumber.core.runner.ExecutionMode$1.execute(ExecutionMode.java:10)
	at io.cucumber.core.runner.TestStep.executeStep(TestStep.java:81)
	at io.cucumber.core.runner.TestStep.run(TestStep.java:53)
	at io.cucumber.core.runner.PickleStepTestStep.run(PickleStepTestStep.java:51)
	at io.cucumber.core.runner.TestCase.run(TestCase.java:84)
	at io.cucumber.core.runner.Runner.runPickle(Runner.java:75)
	at io.cucumber.junit.platform.engine.CucumberEngineExecutionContext.lambda$runTestCase$4(CucumberEngineExecutionContext.java:112)
	at io.cucumber.core.runtime.CucumberExecutionContext.lambda$runTestCase$5(CucumberExecutionContext.java:136)
	at io.cucumber.core.runtime.RethrowingThrowableCollector.executeAndThrow(RethrowingThrowableCollector.java:23)
	at io.cucumber.core.runtime.CucumberExecutionContext.runTestCase(CucumberExecutionContext.java:136)
	at io.cucumber.junit.platform.engine.CucumberEngineExecutionContext.runTestCase(CucumberEngineExecutionContext.java:109)
	at io.cucumber.junit.platform.engine.NodeDescriptor$PickleDescriptor.execute(NodeDescriptor.java:168)
	at io.cucumber.junit.platform.engine.NodeDescriptor$PickleDescriptor.execute(NodeDescriptor.java:90)
	at java.base/java.util.ArrayList.forEach(ArrayList.java:1604)
	at java.base/java.util.ArrayList.forEach(ArrayList.java:1604)
&amp#27;[0m
  &amp#27;[36mWhen &amp#27;[0m&amp#27;[36mI send a GET request to &amp#27;[0m&amp#27;[36m&amp#27;[1m"/users?page=1"&amp#27;[0m                              &amp#27;[90m# com.reqres.stepdefs.ListUsersSteps.iSendAGetRequestTo(java.lang.String)&amp#27;[0m
  &amp#27;[36mAnd &amp#27;[0m&amp#27;[36mI store the user IDs from the response&amp#27;[0m                                &amp#27;[90m# com.reqres.stepdefs.ListUsersSteps.iStoreTheUserIdsFromTheResponse()&amp#27;[0m
  &amp#27;[36mAnd &amp#27;[0m&amp#27;[36mI send a GET request to &amp#27;[0m&amp#27;[36m&amp#27;[1m"/users?page=2"&amp#27;[0m                               &amp#27;[90m# com.reqres.stepdefs.ListUsersSteps.iSendAGetRequestTo(java.lang.String)&amp#27;[0m
  &amp#27;[36mThen &amp#27;[0m&amp#27;[36mthe response status code should be &amp#27;[0m&amp#27;[36m&amp#27;[1m200&amp#27;[0m                               &amp#27;[90m# com.reqres.stepdefs.CommonSteps.theResponseStatusCodeShouldBe(int)&amp#27;[0m
  &amp#27;[36mAnd &amp#27;[0m&amp#27;[36mthe user IDs from page 2 should not overlap with user IDs from page 1&amp#27;[0m &amp#27;[90m# com.reqres.stepdefs.ListUsersSteps.theUserIdsFromPage2ShouldNotOverlapWithPage1()&amp#27;[0m
]]></system-out>
  </testcase>
  <testcase name="TC-LU-016 - List users with non-numeric page parameter" classname="List Users - GET /api/users" time="0.002">
    <error message="Could not initialize class com.reqres.config.ApiConfig" type="java.lang.NoClassDefFoundError"><![CDATA[java.lang.NoClassDefFoundError: Could not initialize class com.reqres.config.ApiConfig
	at com.reqres.client.BaseApiClient.withValidApiKey(BaseApiClient.java:18)
	at com.reqres.stepdefs.CommonSteps.iHaveAValidApiKey(CommonSteps.java:29)
	at ✽.I have a valid API key(classpath:features/list_users.feature:141)
Caused by: java.lang.ExceptionInInitializerError: Exception java.lang.IllegalStateException: REQRES_API_KEY environment variable is not set. Get a free key at app.reqres.in/api-keys and export it before running tests. [in thread "main"]
	at com.reqres.config.ApiConfig.resolveApiKey(ApiConfig.java:16)
	at com.reqres.config.ApiConfig.<clinit>(ApiConfig.java:7)
	at com.reqres.client.BaseApiClient.withValidApiKey(BaseApiClient.java:18)
	at com.reqres.stepdefs.CommonSteps.iHaveAValidApiKey(CommonSteps.java:29)
	at java.base/java.lang.reflect.Method.invoke(Method.java:565)
	at io.cucumber.java.Invoker.doInvoke(Invoker.java:66)
	at io.cucumber.java.Invoker.invoke(Invoker.java:24)
	at io.cucumber.java.AbstractGlueDefinition.invokeMethod(AbstractGlueDefinition.java:47)
	at io.cucumber.java.JavaStepDefinition.execute(JavaStepDefinition.java:29)
	at io.cucumber.core.runner.CoreStepDefinition.execute(CoreStepDefinition.java:66)
	at io.cucumber.core.runner.PickleStepDefinitionMatch.runStep(PickleStepDefinitionMatch.java:63)
	at io.cucumber.core.runner.ExecutionMode$1.execute(ExecutionMode.java:10)
	at io.cucumber.core.runner.TestStep.executeStep(TestStep.java:81)
	at io.cucumber.core.runner.TestStep.run(TestStep.java:53)
	at io.cucumber.core.runner.PickleStepTestStep.run(PickleStepTestStep.java:51)
	at io.cucumber.core.runner.TestCase.run(TestCase.java:84)
	at io.cucumber.core.runner.Runner.runPickle(Runner.java:75)
	at io.cucumber.junit.platform.engine.CucumberEngineExecutionContext.lambda$runTestCase$4(CucumberEngineExecutionContext.java:112)
	at io.cucumber.core.runtime.CucumberExecutionContext.lambda$runTestCase$5(CucumberExecutionContext.java:136)
	at io.cucumber.core.runtime.RethrowingThrowableCollector.executeAndThrow(RethrowingThrowableCollector.java:23)
	at io.cucumber.core.runtime.CucumberExecutionContext.runTestCase(CucumberExecutionContext.java:136)
	at io.cucumber.junit.platform.engine.CucumberEngineExecutionContext.runTestCase(CucumberEngineExecutionContext.java:109)
	at io.cucumber.junit.platform.engine.NodeDescriptor$PickleDescriptor.execute(NodeDescriptor.java:168)
	at io.cucumber.junit.platform.engine.NodeDescriptor$PickleDescriptor.execute(NodeDescriptor.java:90)
	at java.base/java.util.ArrayList.forEach(ArrayList.java:1604)
	at java.base/java.util.ArrayList.forEach(ArrayList.java:1604)
]]></error>
    <system-out><![CDATA[
@list-users @edge-case @TC-LU-016
Scenario: TC-LU-016 - List users with non-numeric page parameter &amp#27;[90m# features/list_users.feature:140&amp#27;[0m
  &amp#27;[32mGiven &amp#27;[0m&amp#27;[32mthe ReqRes API base URL is configured&amp#27;[0m                    &amp#27;[90m# com.reqres.stepdefs.CommonSteps.theReqResApiBaseUrlIsConfigured()&amp#27;[0m
  &amp#27;[31mGiven &amp#27;[0m&amp#27;[31mI have a valid API key&amp#27;[0m                                   &amp#27;[90m# com.reqres.stepdefs.CommonSteps.iHaveAValidApiKey()&amp#27;[0m
      &amp#27;[31mjava.lang.NoClassDefFoundError: Could not initialize class com.reqres.config.ApiConfig
	at com.reqres.client.BaseApiClient.withValidApiKey(BaseApiClient.java:18)
	at com.reqres.stepdefs.CommonSteps.iHaveAValidApiKey(CommonSteps.java:29)
	at ✽.I have a valid API key(classpath:features/list_users.feature:141)
Caused by: java.lang.ExceptionInInitializerError: Exception java.lang.IllegalStateException: REQRES_API_KEY environment variable is not set. Get a free key at app.reqres.in/api-keys and export it before running tests. [in thread "main"]
	at com.reqres.config.ApiConfig.resolveApiKey(ApiConfig.java:16)
	at com.reqres.config.ApiConfig.<clinit>(ApiConfig.java:7)
	at com.reqres.client.BaseApiClient.withValidApiKey(BaseApiClient.java:18)
	at com.reqres.stepdefs.CommonSteps.iHaveAValidApiKey(CommonSteps.java:29)
	at java.base/java.lang.reflect.Method.invoke(Method.java:565)
	at io.cucumber.java.Invoker.doInvoke(Invoker.java:66)
	at io.cucumber.java.Invoker.invoke(Invoker.java:24)
	at io.cucumber.java.AbstractGlueDefinition.invokeMethod(AbstractGlueDefinition.java:47)
	at io.cucumber.java.JavaStepDefinition.execute(JavaStepDefinition.java:29)
	at io.cucumber.core.runner.CoreStepDefinition.execute(CoreStepDefinition.java:66)
	at io.cucumber.core.runner.PickleStepDefinitionMatch.runStep(PickleStepDefinitionMatch.java:63)
	at io.cucumber.core.runner.ExecutionMode$1.execute(ExecutionMode.java:10)
	at io.cucumber.core.runner.TestStep.executeStep(TestStep.java:81)
	at io.cucumber.core.runner.TestStep.run(TestStep.java:53)
	at io.cucumber.core.runner.PickleStepTestStep.run(PickleStepTestStep.java:51)
	at io.cucumber.core.runner.TestCase.run(TestCase.java:84)
	at io.cucumber.core.runner.Runner.runPickle(Runner.java:75)
	at io.cucumber.junit.platform.engine.CucumberEngineExecutionContext.lambda$runTestCase$4(CucumberEngineExecutionContext.java:112)
	at io.cucumber.core.runtime.CucumberExecutionContext.lambda$runTestCase$5(CucumberExecutionContext.java:136)
	at io.cucumber.core.runtime.RethrowingThrowableCollector.executeAndThrow(RethrowingThrowableCollector.java:23)
	at io.cucumber.core.runtime.CucumberExecutionContext.runTestCase(CucumberExecutionContext.java:136)
	at io.cucumber.junit.platform.engine.CucumberEngineExecutionContext.runTestCase(CucumberEngineExecutionContext.java:109)
	at io.cucumber.junit.platform.engine.NodeDescriptor$PickleDescriptor.execute(NodeDescriptor.java:168)
	at io.cucumber.junit.platform.engine.NodeDescriptor$PickleDescriptor.execute(NodeDescriptor.java:90)
	at java.base/java.util.ArrayList.forEach(ArrayList.java:1604)
	at java.base/java.util.ArrayList.forEach(ArrayList.java:1604)
&amp#27;[0m
  &amp#27;[36mWhen &amp#27;[0m&amp#27;[36mI send a GET request to &amp#27;[0m&amp#27;[36m&amp#27;[1m"/users?page=abc"&amp#27;[0m                 &amp#27;[90m# com.reqres.stepdefs.ListUsersSteps.iSendAGetRequestTo(java.lang.String)&amp#27;[0m
  &amp#27;[36mThen &amp#27;[0m&amp#27;[36mthe response status code should be &amp#27;[0m&amp#27;[36m&amp#27;[1m400&amp#27;[0m&amp#27;[36m or &amp#27;[0m&amp#27;[36m&amp#27;[1m200&amp#27;[0m             &amp#27;[90m# com.reqres.stepdefs.CommonSteps.theResponseStatusCodeShouldBeEither(int,int)&amp#27;[0m
  &amp#27;[36mAnd &amp#27;[0m&amp#27;[36mthe response status code should not be a 5xx server error&amp#27;[0m  &amp#27;[90m# com.reqres.stepdefs.CommonSteps.theResponseStatusCodeShouldNotBeA5xx()&amp#27;[0m
]]></system-out>
  </testcase>
</testsuite>